::1 - - [Mon, 11 Jan 2016 12:21:50 GMT] "GET /__webpack_hmr HTTP/1.1" 200 - "http://localhost:8000/login/" "Mozilla/5.0 (Windows NT 10.0; WOW64) AppleWebKit/537.36 (KHTML, like Gecko) Chrome/47.0.2526.106 Safari/537.36"
::1 - - [Mon, 11 Jan 2016 12:21:50 GMT] "GET /login/ HTTP/1.1" 200 - "http://localhost:8000/login/" "Mozilla/5.0 (Windows NT 10.0; WOW64) AppleWebKit/537.36 (KHTML, like Gecko) Chrome/47.0.2526.106 Safari/537.36"
::1 - - [Mon, 11 Jan 2016 12:21:51 GMT] "GET /img/log-logo.png HTTP/1.1" 200 22421 "http://localhost:8000/login/" "Mozilla/5.0 (Windows NT 10.0; WOW64) AppleWebKit/537.36 (KHTML, like Gecko) Chrome/47.0.2526.106 Safari/537.36"
::1 - - [Mon, 11 Jan 2016 12:21:51 GMT] "GET /scripts/jquery.js HTTP/1.1" 200 - "http://localhost:8000/login/" "Mozilla/5.0 (Windows NT 10.0; WOW64) AppleWebKit/537.36 (KHTML, like Gecko) Chrome/47.0.2526.106 Safari/537.36"
::1 - - [Mon, 11 Jan 2016 12:21:51 GMT] "GET /scripts/simditor-all.js HTTP/1.1" 200 - "http://localhost:8000/login/" "Mozilla/5.0 (Windows NT 10.0; WOW64) AppleWebKit/537.36 (KHTML, like Gecko) Chrome/47.0.2526.106 Safari/537.36"
::1 - - [Mon, 11 Jan 2016 12:21:51 GMT] "GET /bundle.js HTTP/1.1" 200 - "http://localhost:8000/login/" "Mozilla/5.0 (Windows NT 10.0; WOW64) AppleWebKit/537.36 (KHTML, like Gecko) Chrome/47.0.2526.106 Safari/537.36"
::1 - - [Mon, 11 Jan 2016 12:27:28 GMT] "GET /login/ HTTP/1.1" 200 - "http://localhost:8000/login/" "Mozilla/5.0 (Windows NT 10.0; WOW64) AppleWebKit/537.36 (KHTML, like Gecko) Chrome/47.0.2526.106 Safari/537.36"
::1 - - [Mon, 11 Jan 2016 12:27:28 GMT] "GET /__webpack_hmr HTTP/1.1" 200 - "http://localhost:8000/login/" "Mozilla/5.0 (Windows NT 10.0; WOW64) AppleWebKit/537.36 (KHTML, like Gecko) Chrome/47.0.2526.106 Safari/537.36"
::1 - - [Mon, 11 Jan 2016 12:27:28 GMT] "GET /img/log-logo.png HTTP/1.1" 200 22421 "http://localhost:8000/login/" "Mozilla/5.0 (Windows NT 10.0; WOW64) AppleWebKit/537.36 (KHTML, like Gecko) Chrome/47.0.2526.106 Safari/537.36"
::1 - - [Mon, 11 Jan 2016 12:27:28 GMT] "GET /scripts/jquery.js HTTP/1.1" 200 - "http://localhost:8000/login/" "Mozilla/5.0 (Windows NT 10.0; WOW64) AppleWebKit/537.36 (KHTML, like Gecko) Chrome/47.0.2526.106 Safari/537.36"
::1 - - [Mon, 11 Jan 2016 12:27:28 GMT] "GET /scripts/simditor-all.js HTTP/1.1" 200 - "http://localhost:8000/login/" "Mozilla/5.0 (Windows NT 10.0; WOW64) AppleWebKit/537.36 (KHTML, like Gecko) Chrome/47.0.2526.106 Safari/537.36"
::1 - - [Mon, 11 Jan 2016 12:27:29 GMT] "GET /bundle.js HTTP/1.1" 200 - "http://localhost:8000/login/" "Mozilla/5.0 (Windows NT 10.0; WOW64) AppleWebKit/537.36 (KHTML, like Gecko) Chrome/47.0.2526.106 Safari/537.36"
::ffff:127.0.0.1 - - [Mon, 11 Jan 2016 12:28:45 GMT] "GET /login/ HTTP/1.1" 200 - "http://localhost:8000/login/" "Mozilla/5.0 (Windows NT 10.0; WOW64) AppleWebKit/537.36 (KHTML, like Gecko) Chrome/47.0.2526.106 Safari/537.36"
::ffff:127.0.0.1 - - [Mon, 11 Jan 2016 12:28:47 GMT] "GET /img/log-logo.png HTTP/1.1" 200 22421 "http://localhost:8000/login/" "Mozilla/5.0 (Windows NT 10.0; WOW64) AppleWebKit/537.36 (KHTML, like Gecko) Chrome/47.0.2526.106 Safari/537.36"
::ffff:127.0.0.1 - - [Mon, 11 Jan 2016 12:28:47 GMT] "GET /scripts/jquery.js HTTP/1.1" 200 - "http://localhost:8000/login/" "Mozilla/5.0 (Windows NT 10.0; WOW64) AppleWebKit/537.36 (KHTML, like Gecko) Chrome/47.0.2526.106 Safari/537.36"
::1 - - [Mon, 11 Jan 2016 12:28:47 GMT] "GET /scripts/simditor-all.js HTTP/1.1" 200 - "http://localhost:8000/login/" "Mozilla/5.0 (Windows NT 10.0; WOW64) AppleWebKit/537.36 (KHTML, like Gecko) Chrome/47.0.2526.106 Safari/537.36"
::1 - - [Mon, 11 Jan 2016 12:28:47 GMT] "GET /bundle.js HTTP/1.1" 200 - "http://localhost:8000/login/" "Mozilla/5.0 (Windows NT 10.0; WOW64) AppleWebKit/537.36 (KHTML, like Gecko) Chrome/47.0.2526.106 Safari/537.36"
::1 - - [Mon, 11 Jan 2016 12:32:43 GMT] "GET /__webpack_hmr HTTP/1.1" 200 - "http://localhost:8000/login/" "Mozilla/5.0 (Windows NT 10.0; WOW64) AppleWebKit/537.36 (KHTML, like Gecko) Chrome/47.0.2526.106 Safari/537.36"
::1 - - [Mon, 11 Jan 2016 12:32:43 GMT] "GET /login/ HTTP/1.1" 200 - "http://localhost:8000/login/" "Mozilla/5.0 (Windows NT 10.0; WOW64) AppleWebKit/537.36 (KHTML, like Gecko) Chrome/47.0.2526.106 Safari/537.36"
::1 - - [Mon, 11 Jan 2016 12:32:43 GMT] "GET /img/log-logo.png HTTP/1.1" 200 22421 "http://localhost:8000/login/" "Mozilla/5.0 (Windows NT 10.0; WOW64) AppleWebKit/537.36 (KHTML, like Gecko) Chrome/47.0.2526.106 Safari/537.36"
::1 - - [Mon, 11 Jan 2016 12:32:43 GMT] "GET /scripts/jquery.js HTTP/1.1" 200 - "http://localhost:8000/login/" "Mozilla/5.0 (Windows NT 10.0; WOW64) AppleWebKit/537.36 (KHTML, like Gecko) Chrome/47.0.2526.106 Safari/537.36"
::1 - - [Mon, 11 Jan 2016 12:32:43 GMT] "GET /scripts/simditor-all.js HTTP/1.1" 200 - "http://localhost:8000/login/" "Mozilla/5.0 (Windows NT 10.0; WOW64) AppleWebKit/537.36 (KHTML, like Gecko) Chrome/47.0.2526.106 Safari/537.36"
::1 - - [Mon, 11 Jan 2016 12:32:43 GMT] "GET /bundle.js HTTP/1.1" 200 - "http://localhost:8000/login/" "Mozilla/5.0 (Windows NT 10.0; WOW64) AppleWebKit/537.36 (KHTML, like Gecko) Chrome/47.0.2526.106 Safari/537.36"
::1 - - [Mon, 11 Jan 2016 12:33:57 GMT] "GET /__webpack_hmr HTTP/1.1" 200 - "http://localhost:8000/login/" "Mozilla/5.0 (Windows NT 10.0; WOW64) AppleWebKit/537.36 (KHTML, like Gecko) Chrome/47.0.2526.106 Safari/537.36"
::1 - - [Mon, 11 Jan 2016 12:33:57 GMT] "GET /login/ HTTP/1.1" 200 - "http://localhost:8000/login/" "Mozilla/5.0 (Windows NT 10.0; WOW64) AppleWebKit/537.36 (KHTML, like Gecko) Chrome/47.0.2526.106 Safari/537.36"
::1 - - [Mon, 11 Jan 2016 12:33:58 GMT] "GET /img/log-logo.png HTTP/1.1" 200 22421 "http://localhost:8000/login/" "Mozilla/5.0 (Windows NT 10.0; WOW64) AppleWebKit/537.36 (KHTML, like Gecko) Chrome/47.0.2526.106 Safari/537.36"
::1 - - [Mon, 11 Jan 2016 12:33:58 GMT] "GET /scripts/jquery.js HTTP/1.1" 200 - "http://localhost:8000/login/" "Mozilla/5.0 (Windows NT 10.0; WOW64) AppleWebKit/537.36 (KHTML, like Gecko) Chrome/47.0.2526.106 Safari/537.36"
::1 - - [Mon, 11 Jan 2016 12:33:58 GMT] "GET /scripts/simditor-all.js HTTP/1.1" 200 - "http://localhost:8000/login/" "Mozilla/5.0 (Windows NT 10.0; WOW64) AppleWebKit/537.36 (KHTML, like Gecko) Chrome/47.0.2526.106 Safari/537.36"
::1 - - [Mon, 11 Jan 2016 12:33:58 GMT] "GET /bundle.js HTTP/1.1" 200 - "http://localhost:8000/login/" "Mozilla/5.0 (Windows NT 10.0; WOW64) AppleWebKit/537.36 (KHTML, like Gecko) Chrome/47.0.2526.106 Safari/537.36"
::1 - - [Mon, 11 Jan 2016 12:34:54 GMT] "GET /login/ HTTP/1.1" 200 - "http://localhost:8000/login/" "Mozilla/5.0 (Windows NT 10.0; WOW64) AppleWebKit/537.36 (KHTML, like Gecko) Chrome/47.0.2526.106 Safari/537.36"
::1 - - [Mon, 11 Jan 2016 12:34:54 GMT] "GET /__webpack_hmr HTTP/1.1" 200 - "http://localhost:8000/login/" "Mozilla/5.0 (Windows NT 10.0; WOW64) AppleWebKit/537.36 (KHTML, like Gecko) Chrome/47.0.2526.106 Safari/537.36"
::1 - - [Mon, 11 Jan 2016 12:34:54 GMT] "GET /img/log-logo.png HTTP/1.1" 200 22421 "http://localhost:8000/login/" "Mozilla/5.0 (Windows NT 10.0; WOW64) AppleWebKit/537.36 (KHTML, like Gecko) Chrome/47.0.2526.106 Safari/537.36"
::1 - - [Mon, 11 Jan 2016 12:34:54 GMT] "GET /scripts/jquery.js HTTP/1.1" 200 - "http://localhost:8000/login/" "Mozilla/5.0 (Windows NT 10.0; WOW64) AppleWebKit/537.36 (KHTML, like Gecko) Chrome/47.0.2526.106 Safari/537.36"
::1 - - [Mon, 11 Jan 2016 12:34:54 GMT] "GET /scripts/simditor-all.js HTTP/1.1" 200 - "http://localhost:8000/login/" "Mozilla/5.0 (Windows NT 10.0; WOW64) AppleWebKit/537.36 (KHTML, like Gecko) Chrome/47.0.2526.106 Safari/537.36"
::1 - - [Mon, 11 Jan 2016 12:34:54 GMT] "GET /bundle.js HTTP/1.1" 200 - "http://localhost:8000/login/" "Mozilla/5.0 (Windows NT 10.0; WOW64) AppleWebKit/537.36 (KHTML, like Gecko) Chrome/47.0.2526.106 Safari/537.36"
::1 - - [Mon, 11 Jan 2016 12:35:16 GMT] "GET /login/ HTTP/1.1" 200 - "http://localhost:8000/login/" "Mozilla/5.0 (Windows NT 10.0; WOW64) AppleWebKit/537.36 (KHTML, like Gecko) Chrome/47.0.2526.106 Safari/537.36"
::1 - - [Mon, 11 Jan 2016 12:35:16 GMT] "GET /__webpack_hmr HTTP/1.1" 200 - "http://localhost:8000/login/" "Mozilla/5.0 (Windows NT 10.0; WOW64) AppleWebKit/537.36 (KHTML, like Gecko) Chrome/47.0.2526.106 Safari/537.36"
::1 - - [Mon, 11 Jan 2016 12:35:17 GMT] "GET /img/log-logo.png HTTP/1.1" 200 22421 "http://localhost:8000/login/" "Mozilla/5.0 (Windows NT 10.0; WOW64) AppleWebKit/537.36 (KHTML, like Gecko) Chrome/47.0.2526.106 Safari/537.36"
::1 - - [Mon, 11 Jan 2016 12:35:17 GMT] "GET /scripts/jquery.js HTTP/1.1" 200 - "http://localhost:8000/login/" "Mozilla/5.0 (Windows NT 10.0; WOW64) AppleWebKit/537.36 (KHTML, like Gecko) Chrome/47.0.2526.106 Safari/537.36"
::1 - - [Mon, 11 Jan 2016 12:35:17 GMT] "GET /scripts/simditor-all.js HTTP/1.1" 200 - "http://localhost:8000/login/" "Mozilla/5.0 (Windows NT 10.0; WOW64) AppleWebKit/537.36 (KHTML, like Gecko) Chrome/47.0.2526.106 Safari/537.36"
::1 - - [Mon, 11 Jan 2016 12:35:17 GMT] "GET /bundle.js HTTP/1.1" 200 - "http://localhost:8000/login/" "Mozilla/5.0 (Windows NT 10.0; WOW64) AppleWebKit/537.36 (KHTML, like Gecko) Chrome/47.0.2526.106 Safari/537.36"
::1 - - [Mon, 11 Jan 2016 12:38:01 GMT] "GET /login/ HTTP/1.1" 200 - "http://localhost:8000/login/" "Mozilla/5.0 (Windows NT 10.0; WOW64) AppleWebKit/537.36 (KHTML, like Gecko) Chrome/47.0.2526.106 Safari/537.36"
::1 - - [Mon, 11 Jan 2016 12:38:01 GMT] "GET /img/log-logo.png HTTP/1.1" 200 22421 "http://localhost:8000/login/" "Mozilla/5.0 (Windows NT 10.0; WOW64) AppleWebKit/537.36 (KHTML, like Gecko) Chrome/47.0.2526.106 Safari/537.36"
::1 - - [Mon, 11 Jan 2016 12:38:02 GMT] "GET /scripts/jquery.js HTTP/1.1" 200 - "http://localhost:8000/login/" "Mozilla/5.0 (Windows NT 10.0; WOW64) AppleWebKit/537.36 (KHTML, like Gecko) Chrome/47.0.2526.106 Safari/537.36"
::1 - - [Mon, 11 Jan 2016 12:38:02 GMT] "GET /scripts/simditor-all.js HTTP/1.1" 200 - "http://localhost:8000/login/" "Mozilla/5.0 (Windows NT 10.0; WOW64) AppleWebKit/537.36 (KHTML, like Gecko) Chrome/47.0.2526.106 Safari/537.36"
::1 - - [Mon, 11 Jan 2016 12:38:02 GMT] "GET /bundle.js HTTP/1.1" 200 - "http://localhost:8000/login/" "Mozilla/5.0 (Windows NT 10.0; WOW64) AppleWebKit/537.36 (KHTML, like Gecko) Chrome/47.0.2526.106 Safari/537.36"
::1 - - [Mon, 11 Jan 2016 12:41:01 GMT] "GET /login/ HTTP/1.1" 200 - "http://localhost:8000/login/" "Mozilla/5.0 (Windows NT 10.0; WOW64) AppleWebKit/537.36 (KHTML, like Gecko) Chrome/47.0.2526.106 Safari/537.36"
::1 - - [Mon, 11 Jan 2016 12:41:03 GMT] "GET /img/log-logo.png HTTP/1.1" 200 22421 "http://localhost:8000/login/" "Mozilla/5.0 (Windows NT 10.0; WOW64) AppleWebKit/537.36 (KHTML, like Gecko) Chrome/47.0.2526.106 Safari/537.36"
::ffff:127.0.0.1 - - [Mon, 11 Jan 2016 12:41:03 GMT] "GET /scripts/jquery.js HTTP/1.1" 200 - "http://localhost:8000/login/" "Mozilla/5.0 (Windows NT 10.0; WOW64) AppleWebKit/537.36 (KHTML, like Gecko) Chrome/47.0.2526.106 Safari/537.36"
::1 - - [Mon, 11 Jan 2016 12:41:03 GMT] "GET /scripts/simditor-all.js HTTP/1.1" 200 - "http://localhost:8000/login/" "Mozilla/5.0 (Windows NT 10.0; WOW64) AppleWebKit/537.36 (KHTML, like Gecko) Chrome/47.0.2526.106 Safari/537.36"
::1 - - [Mon, 11 Jan 2016 12:41:03 GMT] "GET /bundle.js HTTP/1.1" 200 - "http://localhost:8000/login/" "Mozilla/5.0 (Windows NT 10.0; WOW64) AppleWebKit/537.36 (KHTML, like Gecko) Chrome/47.0.2526.106 Safari/537.36"
::1 - - [Mon, 11 Jan 2016 12:42:29 GMT] "GET /login/ HTTP/1.1" 404 19 "http://localhost:8000/login/" "Mozilla/5.0 (Windows NT 10.0; WOW64) AppleWebKit/537.36 (KHTML, like Gecko) Chrome/47.0.2526.106 Safari/537.36"
::1 - - [Mon, 11 Jan 2016 12:42:59 GMT] "GET /login/ HTTP/1.1" 404 19 "http://localhost:8000/login/" "Mozilla/5.0 (Windows NT 10.0; WOW64) AppleWebKit/537.36 (KHTML, like Gecko) Chrome/47.0.2526.106 Safari/537.36"
::1 - - [Mon, 11 Jan 2016 12:43:02 GMT] "GET /login/ HTTP/1.1" 404 19 "http://localhost:8000/login/" "Mozilla/5.0 (Windows NT 10.0; WOW64) AppleWebKit/537.36 (KHTML, like Gecko) Chrome/47.0.2526.106 Safari/537.36"
::1 - - [Mon, 11 Jan 2016 12:43:07 GMT] "GET /login HTTP/1.1" 404 18 "-" "Mozilla/5.0 (Windows NT 10.0; WOW64) AppleWebKit/537.36 (KHTML, like Gecko) Chrome/47.0.2526.106 Safari/537.36"
::1 - - [Mon, 11 Jan 2016 12:44:30 GMT] "GET /login HTTP/1.1" 200 - "-" "Mozilla/5.0 (Windows NT 10.0; WOW64) AppleWebKit/537.36 (KHTML, like Gecko) Chrome/47.0.2526.106 Safari/537.36"
::1 - - [Mon, 11 Jan 2016 12:44:30 GMT] "GET /img/log-logo.png HTTP/1.1" 200 22421 "http://localhost:8000/login" "Mozilla/5.0 (Windows NT 10.0; WOW64) AppleWebKit/537.36 (KHTML, like Gecko) Chrome/47.0.2526.106 Safari/537.36"
::1 - - [Mon, 11 Jan 2016 12:44:30 GMT] "GET /scripts/jquery.js HTTP/1.1" 200 - "http://localhost:8000/login" "Mozilla/5.0 (Windows NT 10.0; WOW64) AppleWebKit/537.36 (KHTML, like Gecko) Chrome/47.0.2526.106 Safari/537.36"
::1 - - [Mon, 11 Jan 2016 12:44:30 GMT] "GET /scripts/simditor-all.js HTTP/1.1" 200 - "http://localhost:8000/login" "Mozilla/5.0 (Windows NT 10.0; WOW64) AppleWebKit/537.36 (KHTML, like Gecko) Chrome/47.0.2526.106 Safari/537.36"
::1 - - [Mon, 11 Jan 2016 12:44:30 GMT] "GET /bundle.js HTTP/1.1" 200 - "http://localhost:8000/login" "Mozilla/5.0 (Windows NT 10.0; WOW64) AppleWebKit/537.36 (KHTML, like Gecko) Chrome/47.0.2526.106 Safari/537.36"
::1 - - [Mon, 11 Jan 2016 12:44:30 GMT] "GET /scripts/simditor-all.js HTTP/1.1" 200 - "http://localhost:8000/login" "Mozilla/5.0 (Windows NT 10.0; WOW64) AppleWebKit/537.36 (KHTML, like Gecko) Chrome/47.0.2526.106 Safari/537.36"
::1 - - [Mon, 11 Jan 2016 12:44:31 GMT] "GET /bundle.js HTTP/1.1" 200 - "http://localhost:8000/login" "Mozilla/5.0 (Windows NT 10.0; WOW64) AppleWebKit/537.36 (KHTML, like Gecko) Chrome/47.0.2526.106 Safari/537.36"
::1 - - [Mon, 11 Jan 2016 12:45:14 GMT] "GET /__webpack_hmr HTTP/1.1" 404 26 "http://localhost:8000/login" "Mozilla/5.0 (Windows NT 10.0; WOW64) AppleWebKit/537.36 (KHTML, like Gecko) Chrome/47.0.2526.106 Safari/537.36"
::1 - - [Mon, 11 Jan 2016 12:46:26 GMT] "GET /login HTTP/1.1" 200 - "-" "Mozilla/5.0 (Windows NT 10.0; WOW64) AppleWebKit/537.36 (KHTML, like Gecko) Chrome/47.0.2526.106 Safari/537.36"
::1 - - [Mon, 11 Jan 2016 12:46:29 GMT] "GET /img/log-logo.png HTTP/1.1" 200 22421 "http://localhost:8000/login" "Mozilla/5.0 (Windows NT 10.0; WOW64) AppleWebKit/537.36 (KHTML, like Gecko) Chrome/47.0.2526.106 Safari/537.36"
::1 - - [Mon, 11 Jan 2016 12:46:29 GMT] "GET /scripts/jquery.js HTTP/1.1" 200 - "http://localhost:8000/login" "Mozilla/5.0 (Windows NT 10.0; WOW64) AppleWebKit/537.36 (KHTML, like Gecko) Chrome/47.0.2526.106 Safari/537.36"
::1 - - [Mon, 11 Jan 2016 12:46:29 GMT] "GET /scripts/simditor-all.js HTTP/1.1" 200 - "http://localhost:8000/login" "Mozilla/5.0 (Windows NT 10.0; WOW64) AppleWebKit/537.36 (KHTML, like Gecko) Chrome/47.0.2526.106 Safari/537.36"
::1 - - [Mon, 11 Jan 2016 12:46:29 GMT] "GET /bundle.js HTTP/1.1" 200 - "http://localhost:8000/login" "Mozilla/5.0 (Windows NT 10.0; WOW64) AppleWebKit/537.36 (KHTML, like Gecko) Chrome/47.0.2526.106 Safari/537.36"
::1 - - [Mon, 11 Jan 2016 12:46:32 GMT] "GET /__webpack_hmr HTTP/1.1" 200 - "http://localhost:8000/login" "Mozilla/5.0 (Windows NT 10.0; WOW64) AppleWebKit/537.36 (KHTML, like Gecko) Chrome/47.0.2526.106 Safari/537.36"
::1 - - [Mon, 11 Jan 2016 12:47:28 GMT] "GET / HTTP/1.1" 200 - "-" "Mozilla/5.0 (Windows NT 10.0; WOW64) AppleWebKit/537.36 (KHTML, like Gecko) Chrome/47.0.2526.106 Safari/537.36"
::1 - - [Mon, 11 Jan 2016 12:47:29 GMT] "GET /img/carousel.png HTTP/1.1" 304 - "http://localhost:8000/" "Mozilla/5.0 (Windows NT 10.0; WOW64) AppleWebKit/537.36 (KHTML, like Gecko) Chrome/47.0.2526.106 Safari/537.36"
::1 - - [Mon, 11 Jan 2016 12:47:29 GMT] "GET /scripts/jquery.js HTTP/1.1" 304 - "http://localhost:8000/" "Mozilla/5.0 (Windows NT 10.0; WOW64) AppleWebKit/537.36 (KHTML, like Gecko) Chrome/47.0.2526.106 Safari/537.36"
::1 - - [Mon, 11 Jan 2016 12:47:29 GMT] "GET /scripts/simditor-all.js HTTP/1.1" 304 - "http://localhost:8000/" "Mozilla/5.0 (Windows NT 10.0; WOW64) AppleWebKit/537.36 (KHTML, like Gecko) Chrome/47.0.2526.106 Safari/537.36"
::1 - - [Mon, 11 Jan 2016 12:47:29 GMT] "GET /bundle.js HTTP/1.1" 200 - "http://localhost:8000/" "Mozilla/5.0 (Windows NT 10.0; WOW64) AppleWebKit/537.36 (KHTML, like Gecko) Chrome/47.0.2526.106 Safari/537.36"
::1 - - [Mon, 11 Jan 2016 12:47:30 GMT] "GET /favicon.ico HTTP/1.1" 404 - "http://localhost:8000/" "Mozilla/5.0 (Windows NT 10.0; WOW64) AppleWebKit/537.36 (KHTML, like Gecko) Chrome/47.0.2526.106 Safari/537.36"
::1 - - [Mon, 11 Jan 2016 12:47:35 GMT] "GET /login HTTP/1.1" 200 - "-" "Mozilla/5.0 (Windows NT 10.0; WOW64) AppleWebKit/537.36 (KHTML, like Gecko) Chrome/47.0.2526.106 Safari/537.36"
::1 - - [Mon, 11 Jan 2016 12:47:35 GMT] "GET /__webpack_hmr HTTP/1.1" 200 - "http://localhost:8000/" "Mozilla/5.0 (Windows NT 10.0; WOW64) AppleWebKit/537.36 (KHTML, like Gecko) Chrome/47.0.2526.106 Safari/537.36"
::1 - - [Mon, 11 Jan 2016 12:47:35 GMT] "GET /img/log-logo.png HTTP/1.1" 304 - "http://localhost:8000/login" "Mozilla/5.0 (Windows NT 10.0; WOW64) AppleWebKit/537.36 (KHTML, like Gecko) Chrome/47.0.2526.106 Safari/537.36"
::1 - - [Mon, 11 Jan 2016 12:47:35 GMT] "GET /scripts/jquery.js HTTP/1.1" 304 - "http://localhost:8000/login" "Mozilla/5.0 (Windows NT 10.0; WOW64) AppleWebKit/537.36 (KHTML, like Gecko) Chrome/47.0.2526.106 Safari/537.36"
::1 - - [Mon, 11 Jan 2016 12:47:35 GMT] "GET /scripts/simditor-all.js HTTP/1.1" 304 - "http://localhost:8000/login" "Mozilla/5.0 (Windows NT 10.0; WOW64) AppleWebKit/537.36 (KHTML, like Gecko) Chrome/47.0.2526.106 Safari/537.36"
::1 - - [Mon, 11 Jan 2016 12:47:36 GMT] "GET /bundle.js HTTP/1.1" 200 - "http://localhost:8000/login" "Mozilla/5.0 (Windows NT 10.0; WOW64) AppleWebKit/537.36 (KHTML, like Gecko) Chrome/47.0.2526.106 Safari/537.36"
::1 - - [Mon, 11 Jan 2016 12:54:21 GMT] "GET /login HTTP/1.1" 200 - "-" "Mozilla/5.0 (Windows NT 10.0; WOW64) AppleWebKit/537.36 (KHTML, like Gecko) Chrome/47.0.2526.106 Safari/537.36"
::1 - - [Mon, 11 Jan 2016 12:54:23 GMT] "GET /img/log-logo.png HTTP/1.1" 304 - "http://localhost:8000/login" "Mozilla/5.0 (Windows NT 10.0; WOW64) AppleWebKit/537.36 (KHTML, like Gecko) Chrome/47.0.2526.106 Safari/537.36"
::1 - - [Mon, 11 Jan 2016 12:54:23 GMT] "GET /scripts/jquery.js HTTP/1.1" 304 - "http://localhost:8000/login" "Mozilla/5.0 (Windows NT 10.0; WOW64) AppleWebKit/537.36 (KHTML, like Gecko) Chrome/47.0.2526.106 Safari/537.36"
::1 - - [Mon, 11 Jan 2016 12:54:23 GMT] "GET /scripts/simditor-all.js HTTP/1.1" 304 - "http://localhost:8000/login" "Mozilla/5.0 (Windows NT 10.0; WOW64) AppleWebKit/537.36 (KHTML, like Gecko) Chrome/47.0.2526.106 Safari/537.36"
::1 - - [Mon, 11 Jan 2016 12:54:23 GMT] "GET /bundle.js HTTP/1.1" 200 - "http://localhost:8000/login" "Mozilla/5.0 (Windows NT 10.0; WOW64) AppleWebKit/537.36 (KHTML, like Gecko) Chrome/47.0.2526.106 Safari/537.36"
::1 - - [Mon, 11 Jan 2016 12:54:33 GMT] "POST /login HTTP/1.1" 200 325 "http://localhost:8000/login" "Mozilla/5.0 (Windows NT 10.0; WOW64) AppleWebKit/537.36 (KHTML, like Gecko) Chrome/47.0.2526.106 Safari/537.36"
::1 - - [Mon, 11 Jan 2016 12:58:03 GMT] "GET /294815aa61f382a1455c.hot-update.json HTTP/1.1" 200 36 "http://localhost:8000/login" "Mozilla/5.0 (Windows NT 10.0; WOW64) AppleWebKit/537.36 (KHTML, like Gecko) Chrome/47.0.2526.106 Safari/537.36"
::1 - - [Mon, 11 Jan 2016 12:58:03 GMT] "GET /0.294815aa61f382a1455c.hot-update.js HTTP/1.1" 200 651 "http://localhost:8000/login" "Mozilla/5.0 (Windows NT 10.0; WOW64) AppleWebKit/537.36 (KHTML, like Gecko) Chrome/47.0.2526.106 Safari/537.36"
::1 - - [Mon, 11 Jan 2016 12:58:03 GMT] "GET /292a6212912aa980ac36.hot-update.json HTTP/1.1" 200 36 "http://localhost:8000/login" "Mozilla/5.0 (Windows NT 10.0; WOW64) AppleWebKit/537.36 (KHTML, like Gecko) Chrome/47.0.2526.106 Safari/537.36"
::1 - - [Mon, 11 Jan 2016 12:58:03 GMT] "GET /0.292a6212912aa980ac36.hot-update.js HTTP/1.1" 200 650 "http://localhost:8000/login" "Mozilla/5.0 (Windows NT 10.0; WOW64) AppleWebKit/537.36 (KHTML, like Gecko) Chrome/47.0.2526.106 Safari/537.36"
::1 - - [Mon, 11 Jan 2016 12:59:11 GMT] "POST /login HTTP/1.1" 200 325 "http://localhost:8000/login" "Mozilla/5.0 (Windows NT 10.0; WOW64) AppleWebKit/537.36 (KHTML, like Gecko) Chrome/47.0.2526.106 Safari/537.36"
::1 - - [Mon, 11 Jan 2016 12:59:11 GMT] "POST /topics/get HTTP/1.1" 200 - "http://localhost:8000/topics" "Mozilla/5.0 (Windows NT 10.0; WOW64) AppleWebKit/537.36 (KHTML, like Gecko) Chrome/47.0.2526.106 Safari/537.36"
::1 - - [Mon, 11 Jan 2016 13:03:06 GMT] "POST /login HTTP/1.1" 200 325 "http://localhost:8000/login/" "Mozilla/5.0 (Windows NT 10.0; WOW64) AppleWebKit/537.36 (KHTML, like Gecko) Chrome/47.0.2526.106 Safari/537.36"
::1 - - [Mon, 11 Jan 2016 13:03:06 GMT] "POST /topics/get HTTP/1.1" 200 - "http://localhost:8000/topics" "Mozilla/5.0 (Windows NT 10.0; WOW64) AppleWebKit/537.36 (KHTML, like Gecko) Chrome/47.0.2526.106 Safari/537.36"
::1 - - [Mon, 11 Jan 2016 13:04:47 GMT] "POST /login HTTP/1.1" 200 325 "http://localhost:8000/login/" "Mozilla/5.0 (Windows NT 10.0; WOW64) AppleWebKit/537.36 (KHTML, like Gecko) Chrome/47.0.2526.106 Safari/537.36"
::1 - - [Mon, 11 Jan 2016 13:04:47 GMT] "POST /topics/get HTTP/1.1" 200 - "http://localhost:8000/topics" "Mozilla/5.0 (Windows NT 10.0; WOW64) AppleWebKit/537.36 (KHTML, like Gecko) Chrome/47.0.2526.106 Safari/537.36"
::1 - - [Mon, 11 Jan 2016 13:16:47 GMT] "POST /login HTTP/1.1" 200 325 "http://localhost:8000/login/" "Mozilla/5.0 (Windows NT 10.0; WOW64) AppleWebKit/537.36 (KHTML, like Gecko) Chrome/47.0.2526.106 Safari/537.36"
::1 - - [Mon, 11 Jan 2016 13:16:47 GMT] "POST /topics/get HTTP/1.1" 200 - "http://localhost:8000/topics" "Mozilla/5.0 (Windows NT 10.0; WOW64) AppleWebKit/537.36 (KHTML, like Gecko) Chrome/47.0.2526.106 Safari/537.36"
::1 - - [Mon, 11 Jan 2016 13:16:49 GMT] "POST /topics/get HTTP/1.1" 200 - "http://localhost:8000/topics/new" "Mozilla/5.0 (Windows NT 10.0; WOW64) AppleWebKit/537.36 (KHTML, like Gecko) Chrome/47.0.2526.106 Safari/537.36"
::1 - - [Mon, 11 Jan 2016 13:16:50 GMT] "POST /topics/get HTTP/1.1" 200 - "http://localhost:8000/topics/reply" "Mozilla/5.0 (Windows NT 10.0; WOW64) AppleWebKit/537.36 (KHTML, like Gecko) Chrome/47.0.2526.106 Safari/537.36"
::1 - - [Mon, 11 Jan 2016 13:16:50 GMT] "POST /topics/get HTTP/1.1" 200 - "http://localhost:8000/topics/new" "Mozilla/5.0 (Windows NT 10.0; WOW64) AppleWebKit/537.36 (KHTML, like Gecko) Chrome/47.0.2526.106 Safari/537.36"
::1 - - [Mon, 11 Jan 2016 13:16:51 GMT] "POST /topics/get HTTP/1.1" 200 - "http://localhost:8000/topics/hot" "Mozilla/5.0 (Windows NT 10.0; WOW64) AppleWebKit/537.36 (KHTML, like Gecko) Chrome/47.0.2526.106 Safari/537.36"
::ffff:127.0.0.1 - - [Mon, 11 Jan 2016 13:23:11 GMT] "POST /topics/get HTTP/1.1" 200 67244 "-" "axios/0.7.0"
::1 - - [Mon, 11 Jan 2016 13:23:12 GMT] "POST /topics/get HTTP/1.1" 200 - "http://localhost:8000/topics/hot" "Mozilla/5.0 (Windows NT 10.0; WOW64) AppleWebKit/537.36 (KHTML, like Gecko) Chrome/47.0.2526.106 Safari/537.36"
::1 - - [Mon, 11 Jan 2016 13:23:22 GMT] "POST /login HTTP/1.1" - - "http://localhost:8000/login/" "Mozilla/5.0 (Windows NT 10.0; WOW64) AppleWebKit/537.36 (KHTML, like Gecko) Chrome/47.0.2526.106 Safari/537.36"
::1 - - [Mon, 11 Jan 2016 13:23:22 GMT] "POST /login HTTP/1.1" - - "http://localhost:8000/login/" "Mozilla/5.0 (Windows NT 10.0; WOW64) AppleWebKit/537.36 (KHTML, like Gecko) Chrome/47.0.2526.106 Safari/537.36"
::1 - - [Mon, 11 Jan 2016 13:25:23 GMT] "POST /login HTTP/1.1" - - "http://localhost:8000/login/" "Mozilla/5.0 (Windows NT 10.0; WOW64) AppleWebKit/537.36 (KHTML, like Gecko) Chrome/47.0.2526.106 Safari/537.36"
::1 - - [Mon, 11 Jan 2016 13:25:23 GMT] "POST /login HTTP/1.1" - - "http://localhost:8000/login/" "Mozilla/5.0 (Windows NT 10.0; WOW64) AppleWebKit/537.36 (KHTML, like Gecko) Chrome/47.0.2526.106 Safari/537.36"
::1 - - [Mon, 11 Jan 2016 13:25:25 GMT] "POST /login HTTP/1.1" - - "http://localhost:8000/login/" "Mozilla/5.0 (Windows NT 10.0; WOW64) AppleWebKit/537.36 (KHTML, like Gecko) Chrome/47.0.2526.106 Safari/537.36"
::1 - - [Mon, 11 Jan 2016 13:25:25 GMT] "POST /login HTTP/1.1" - - "http://localhost:8000/login/" "Mozilla/5.0 (Windows NT 10.0; WOW64) AppleWebKit/537.36 (KHTML, like Gecko) Chrome/47.0.2526.106 Safari/537.36"
::1 - - [Mon, 11 Jan 2016 13:25:26 GMT] "POST /login HTTP/1.1" - - "http://localhost:8000/login/" "Mozilla/5.0 (Windows NT 10.0; WOW64) AppleWebKit/537.36 (KHTML, like Gecko) Chrome/47.0.2526.106 Safari/537.36"
::1 - - [Tue, 12 Jan 2016 07:56:56 GMT] "POST /login HTTP/1.1" 200 325 "http://localhost:8000/login" "Mozilla/5.0 (Windows NT 10.0; WOW64) AppleWebKit/537.36 (KHTML, like Gecko) Chrome/47.0.2526.106 Safari/537.36"
::1 - - [Tue, 12 Jan 2016 07:56:56 GMT] "POST /topics/get HTTP/1.1" 200 - "http://localhost:8000/topics" "Mozilla/5.0 (Windows NT 10.0; WOW64) AppleWebKit/537.36 (KHTML, like Gecko) Chrome/47.0.2526.106 Safari/537.36"
::1 - - [Tue, 12 Jan 2016 08:20:12 GMT] "POST /login HTTP/1.1" 200 325 "http://localhost:8000/login" "Mozilla/5.0 (Windows NT 10.0; WOW64) AppleWebKit/537.36 (KHTML, like Gecko) Chrome/47.0.2526.106 Safari/537.36"
::1 - - [Tue, 12 Jan 2016 08:20:12 GMT] "POST /topics/get HTTP/1.1" 200 - "http://localhost:8000/topics" "Mozilla/5.0 (Windows NT 10.0; WOW64) AppleWebKit/537.36 (KHTML, like Gecko) Chrome/47.0.2526.106 Safari/537.36"
::1 - - [Tue, 12 Jan 2016 09:09:50 GMT] "POST /login HTTP/1.1" 404 19 "http://localhost:8000/login" "Mozilla/5.0 (Windows NT 10.0; WOW64) AppleWebKit/537.36 (KHTML, like Gecko) Chrome/47.0.2526.106 Safari/537.36"
::ffff:127.0.0.1 - - [Tue, 12 Jan 2016 09:11:11 GMT] "POST /login HTTP/1.1" 404 19 "http://localhost:8000/login" "Mozilla/5.0 (Windows NT 10.0; WOW64) AppleWebKit/537.36 (KHTML, like Gecko) Chrome/47.0.2526.106 Safari/537.36"
::ffff:127.0.0.1 - - [Tue, 12 Jan 2016 09:11:16 GMT] "POST /login HTTP/1.1" 404 19 "http://localhost:8000/login" "Mozilla/5.0 (Windows NT 10.0; WOW64) AppleWebKit/537.36 (KHTML, like Gecko) Chrome/47.0.2526.106 Safari/537.36"
::1 - - [Tue, 12 Jan 2016 09:13:43 GMT] "POST /login HTTP/1.1" 200 325 "http://localhost:8000/login" "Mozilla/5.0 (Windows NT 10.0; WOW64) AppleWebKit/537.36 (KHTML, like Gecko) Chrome/47.0.2526.106 Safari/537.36"
::1 - - [Tue, 12 Jan 2016 09:13:43 GMT] "POST /topics/get HTTP/1.1" 404 24 "http://localhost:8000/topics" "Mozilla/5.0 (Windows NT 10.0; WOW64) AppleWebKit/537.36 (KHTML, like Gecko) Chrome/47.0.2526.106 Safari/537.36"
::1 - - [Tue, 12 Jan 2016 09:17:20 GMT] "POST /login HTTP/1.1" 404 19 "http://localhost:8000/login" "Mozilla/5.0 (Windows NT 10.0; WOW64) AppleWebKit/537.36 (KHTML, like Gecko) Chrome/47.0.2526.106 Safari/537.36"
::1 - - [Tue, 12 Jan 2016 09:18:55 GMT] "POST /login HTTP/1.1" 404 19 "http://localhost:8000/login" "Mozilla/5.0 (Windows NT 10.0; WOW64) AppleWebKit/537.36 (KHTML, like Gecko) Chrome/47.0.2526.106 Safari/537.36"
::1 - - [Tue, 12 Jan 2016 09:21:09 GMT] "POST /login HTTP/1.1" 200 325 "http://localhost:8000/login" "Mozilla/5.0 (Windows NT 10.0; WOW64) AppleWebKit/537.36 (KHTML, like Gecko) Chrome/47.0.2526.106 Safari/537.36"
::1 - - [Tue, 12 Jan 2016 09:21:09 GMT] "POST /topics/get HTTP/1.1" 404 24 "http://localhost:8000/topics" "Mozilla/5.0 (Windows NT 10.0; WOW64) AppleWebKit/537.36 (KHTML, like Gecko) Chrome/47.0.2526.106 Safari/537.36"
::1 - - [Tue, 12 Jan 2016 09:26:39 GMT] "POST /login HTTP/1.1" 200 69 "http://localhost:8000/login" "Mozilla/5.0 (Windows NT 10.0; WOW64) AppleWebKit/537.36 (KHTML, like Gecko) Chrome/47.0.2526.106 Safari/537.36"
::1 - - [Tue, 12 Jan 2016 15:20:13 GMT] "GET /login HTTP/1.1" 200 - "-" "Mozilla/5.0 (Windows NT 10.0; WOW64) AppleWebKit/537.36 (KHTML, like Gecko) Chrome/47.0.2526.106 Safari/537.36"
::1 - - [Tue, 12 Jan 2016 15:20:15 GMT] "GET /scripts/simditor-all.js HTTP/1.1" 200 - "http://localhost:8000/login" "Mozilla/5.0 (Windows NT 10.0; WOW64) AppleWebKit/537.36 (KHTML, like Gecko) Chrome/47.0.2526.106 Safari/537.36"
::1 - - [Tue, 12 Jan 2016 15:20:15 GMT] "GET /scripts/jquery.js HTTP/1.1" 200 - "http://localhost:8000/login" "Mozilla/5.0 (Windows NT 10.0; WOW64) AppleWebKit/537.36 (KHTML, like Gecko) Chrome/47.0.2526.106 Safari/537.36"
::1 - - [Tue, 12 Jan 2016 15:20:15 GMT] "GET /bundle.js HTTP/1.1" 200 - "http://localhost:8000/login" "Mozilla/5.0 (Windows NT 10.0; WOW64) AppleWebKit/537.36 (KHTML, like Gecko) Chrome/47.0.2526.106 Safari/537.36"
::1 - - [Tue, 12 Jan 2016 15:20:16 GMT] "GET /static/revved/img/index/sprites.auto.ccb0e398.png HTTP/1.1" 404 - "http://localhost:8000/login" "Mozilla/5.0 (Windows NT 10.0; WOW64) AppleWebKit/537.36 (KHTML, like Gecko) Chrome/47.0.2526.106 Safari/537.36"
::1 - - [Tue, 12 Jan 2016 15:20:16 GMT] "GET /img/logo.c1968f51.png HTTP/1.1" 200 2372 "http://localhost:8000/login" "Mozilla/5.0 (Windows NT 10.0; WOW64) AppleWebKit/537.36 (KHTML, like Gecko) Chrome/47.0.2526.106 Safari/537.36"
::1 - - [Tue, 12 Jan 2016 15:21:50 GMT] "GET /login HTTP/1.1" 200 - "-" "Mozilla/5.0 (Windows NT 10.0; WOW64) AppleWebKit/537.36 (KHTML, like Gecko) Chrome/47.0.2526.106 Safari/537.36"
::1 - - [Tue, 12 Jan 2016 15:21:52 GMT] "GET /scripts/jquery.js HTTP/1.1" 200 - "http://localhost:8000/login" "Mozilla/5.0 (Windows NT 10.0; WOW64) AppleWebKit/537.36 (KHTML, like Gecko) Chrome/47.0.2526.106 Safari/537.36"
::1 - - [Tue, 12 Jan 2016 15:21:52 GMT] "GET /scripts/simditor-all.js HTTP/1.1" 200 - "http://localhost:8000/login" "Mozilla/5.0 (Windows NT 10.0; WOW64) AppleWebKit/537.36 (KHTML, like Gecko) Chrome/47.0.2526.106 Safari/537.36"
::1 - - [Tue, 12 Jan 2016 15:21:52 GMT] "GET /bundle.js HTTP/1.1" 200 - "http://localhost:8000/login" "Mozilla/5.0 (Windows NT 10.0; WOW64) AppleWebKit/537.36 (KHTML, like Gecko) Chrome/47.0.2526.106 Safari/537.36"
::1 - - [Tue, 12 Jan 2016 15:21:53 GMT] "GET /img/logo.c1968f51.png HTTP/1.1" 200 2372 "http://localhost:8000/login" "Mozilla/5.0 (Windows NT 10.0; WOW64) AppleWebKit/537.36 (KHTML, like Gecko) Chrome/47.0.2526.106 Safari/537.36"
::1 - - [Tue, 12 Jan 2016 15:21:53 GMT] "GET /static/revved/img/index/sprites.auto.ccb0e398.png HTTP/1.1" 404 - "http://localhost:8000/login" "Mozilla/5.0 (Windows NT 10.0; WOW64) AppleWebKit/537.36 (KHTML, like Gecko) Chrome/47.0.2526.106 Safari/537.36"
::1 - - [Tue, 12 Jan 2016 15:22:17 GMT] "GET /acdad49757f64d75f4f5.hot-update.json HTTP/1.1" 200 36 "http://localhost:8000/login" "Mozilla/5.0 (Windows NT 10.0; WOW64) AppleWebKit/537.36 (KHTML, like Gecko) Chrome/47.0.2526.106 Safari/537.36"
::1 - - [Tue, 12 Jan 2016 15:22:17 GMT] "GET /0.acdad49757f64d75f4f5.hot-update.js HTTP/1.1" 200 - "http://localhost:8000/login" "Mozilla/5.0 (Windows NT 10.0; WOW64) AppleWebKit/537.36 (KHTML, like Gecko) Chrome/47.0.2526.106 Safari/537.36"
::1 - - [Tue, 12 Jan 2016 15:22:25 GMT] "GET /d669cc6286ff41dd27a1.hot-update.json HTTP/1.1" 200 36 "http://localhost:8000/login" "Mozilla/5.0 (Windows NT 10.0; WOW64) AppleWebKit/537.36 (KHTML, like Gecko) Chrome/47.0.2526.106 Safari/537.36"
::1 - - [Tue, 12 Jan 2016 15:22:25 GMT] "GET /login HTTP/1.1" 200 - "-" "Mozilla/5.0 (Windows NT 10.0; WOW64) AppleWebKit/537.36 (KHTML, like Gecko) Chrome/47.0.2526.106 Safari/537.36"
::1 - - [Tue, 12 Jan 2016 15:22:25 GMT] "GET /__webpack_hmr HTTP/1.1" 200 - "http://localhost:8000/login" "Mozilla/5.0 (Windows NT 10.0; WOW64) AppleWebKit/537.36 (KHTML, like Gecko) Chrome/47.0.2526.106 Safari/537.36"
::1 - - [Tue, 12 Jan 2016 15:22:25 GMT] "GET /0.d669cc6286ff41dd27a1.hot-update.js HTTP/1.1" - - "http://localhost:8000/login" "Mozilla/5.0 (Windows NT 10.0; WOW64) AppleWebKit/537.36 (KHTML, like Gecko) Chrome/47.0.2526.106 Safari/537.36"
::1 - - [Tue, 12 Jan 2016 15:22:26 GMT] "GET /scripts/jquery.js HTTP/1.1" 200 - "http://localhost:8000/login" "Mozilla/5.0 (Windows NT 10.0; WOW64) AppleWebKit/537.36 (KHTML, like Gecko) Chrome/47.0.2526.106 Safari/537.36"
::1 - - [Tue, 12 Jan 2016 15:22:26 GMT] "GET /scripts/simditor-all.js HTTP/1.1" 200 - "http://localhost:8000/login" "Mozilla/5.0 (Windows NT 10.0; WOW64) AppleWebKit/537.36 (KHTML, like Gecko) Chrome/47.0.2526.106 Safari/537.36"
::1 - - [Tue, 12 Jan 2016 15:22:26 GMT] "GET /bundle.js HTTP/1.1" 200 - "http://localhost:8000/login" "Mozilla/5.0 (Windows NT 10.0; WOW64) AppleWebKit/537.36 (KHTML, like Gecko) Chrome/47.0.2526.106 Safari/537.36"
::1 - - [Tue, 12 Jan 2016 15:22:27 GMT] "GET /img/logo.c1968f51.png HTTP/1.1" 200 2372 "http://localhost:8000/login" "Mozilla/5.0 (Windows NT 10.0; WOW64) AppleWebKit/537.36 (KHTML, like Gecko) Chrome/47.0.2526.106 Safari/537.36"
::1 - - [Tue, 12 Jan 2016 15:22:27 GMT] "GET /static/revved/img/index/sprites.auto.ccb0e398.png HTTP/1.1" 404 - "http://localhost:8000/login" "Mozilla/5.0 (Windows NT 10.0; WOW64) AppleWebKit/537.36 (KHTML, like Gecko) Chrome/47.0.2526.106 Safari/537.36"
::1 - - [Tue, 12 Jan 2016 15:22:39 GMT] "GET /login HTTP/1.1" 200 - "-" "Mozilla/5.0 (Windows NT 10.0; WOW64) AppleWebKit/537.36 (KHTML, like Gecko) Chrome/47.0.2526.106 Safari/537.36"
::1 - - [Tue, 12 Jan 2016 15:22:43 GMT] "GET /__webpack_hmr HTTP/1.1" 200 - "http://localhost:8000/login" "Mozilla/5.0 (Windows NT 10.0; WOW64) AppleWebKit/537.36 (KHTML, like Gecko) Chrome/47.0.2526.106 Safari/537.36"
::1 - - [Tue, 12 Jan 2016 15:22:43 GMT] "GET /776f9c80c8e4ae69854f.hot-update.json HTTP/1.1" - - "http://localhost:8000/login" "Mozilla/5.0 (Windows NT 10.0; WOW64) AppleWebKit/537.36 (KHTML, like Gecko) Chrome/47.0.2526.106 Safari/537.36"
::1 - - [Tue, 12 Jan 2016 15:22:43 GMT] "GET /scripts/jquery.js HTTP/1.1" 200 - "http://localhost:8000/login" "Mozilla/5.0 (Windows NT 10.0; WOW64) AppleWebKit/537.36 (KHTML, like Gecko) Chrome/47.0.2526.106 Safari/537.36"
::1 - - [Tue, 12 Jan 2016 15:22:43 GMT] "GET /scripts/simditor-all.js HTTP/1.1" 200 - "http://localhost:8000/login" "Mozilla/5.0 (Windows NT 10.0; WOW64) AppleWebKit/537.36 (KHTML, like Gecko) Chrome/47.0.2526.106 Safari/537.36"
::1 - - [Tue, 12 Jan 2016 15:22:43 GMT] "GET /bundle.js HTTP/1.1" 200 - "http://localhost:8000/login" "Mozilla/5.0 (Windows NT 10.0; WOW64) AppleWebKit/537.36 (KHTML, like Gecko) Chrome/47.0.2526.106 Safari/537.36"
::1 - - [Tue, 12 Jan 2016 15:22:44 GMT] "GET /img/logo.c1968f51.png HTTP/1.1" 200 2372 "http://localhost:8000/login" "Mozilla/5.0 (Windows NT 10.0; WOW64) AppleWebKit/537.36 (KHTML, like Gecko) Chrome/47.0.2526.106 Safari/537.36"
::1 - - [Tue, 12 Jan 2016 15:22:44 GMT] "GET /static/revved/img/index/sprites.auto.ccb0e398.png HTTP/1.1" 404 - "http://localhost:8000/login" "Mozilla/5.0 (Windows NT 10.0; WOW64) AppleWebKit/537.36 (KHTML, like Gecko) Chrome/47.0.2526.106 Safari/537.36"
::1 - - [Tue, 12 Jan 2016 15:22:50 GMT] "GET /register/email?_xsrf=d97121370f3efb32b5463d734fed325d&fullname=&phone_num=&password= HTTP/1.1" 404 - "http://localhost:8000/login" "Mozilla/5.0 (Windows NT 10.0; WOW64) AppleWebKit/537.36 (KHTML, like Gecko) Chrome/47.0.2526.106 Safari/537.36"
::1 - - [Tue, 12 Jan 2016 15:22:50 GMT] "GET /__webpack_hmr HTTP/1.1" 200 - "http://localhost:8000/login" "Mozilla/5.0 (Windows NT 10.0; WOW64) AppleWebKit/537.36 (KHTML, like Gecko) Chrome/47.0.2526.106 Safari/537.36"
::1 - - [Tue, 12 Jan 2016 15:22:54 GMT] "GET /login HTTP/1.1" 200 - "-" "Mozilla/5.0 (Windows NT 10.0; WOW64) AppleWebKit/537.36 (KHTML, like Gecko) Chrome/47.0.2526.106 Safari/537.36"
::1 - - [Tue, 12 Jan 2016 15:22:54 GMT] "GET /scripts/jquery.js HTTP/1.1" 200 - "http://localhost:8000/login" "Mozilla/5.0 (Windows NT 10.0; WOW64) AppleWebKit/537.36 (KHTML, like Gecko) Chrome/47.0.2526.106 Safari/537.36"
::1 - - [Tue, 12 Jan 2016 15:22:54 GMT] "GET /scripts/simditor-all.js HTTP/1.1" 200 - "http://localhost:8000/login" "Mozilla/5.0 (Windows NT 10.0; WOW64) AppleWebKit/537.36 (KHTML, like Gecko) Chrome/47.0.2526.106 Safari/537.36"
::1 - - [Tue, 12 Jan 2016 15:22:54 GMT] "GET /bundle.js HTTP/1.1" 200 - "http://localhost:8000/login" "Mozilla/5.0 (Windows NT 10.0; WOW64) AppleWebKit/537.36 (KHTML, like Gecko) Chrome/47.0.2526.106 Safari/537.36"
::1 - - [Tue, 12 Jan 2016 15:22:55 GMT] "GET /img/logo.c1968f51.png HTTP/1.1" 200 2372 "http://localhost:8000/login" "Mozilla/5.0 (Windows NT 10.0; WOW64) AppleWebKit/537.36 (KHTML, like Gecko) Chrome/47.0.2526.106 Safari/537.36"
::1 - - [Tue, 12 Jan 2016 15:22:55 GMT] "GET /static/revved/img/index/sprites.auto.ccb0e398.png HTTP/1.1" 404 - "http://localhost:8000/login" "Mozilla/5.0 (Windows NT 10.0; WOW64) AppleWebKit/537.36 (KHTML, like Gecko) Chrome/47.0.2526.106 Safari/537.36"
::1 - - [Tue, 12 Jan 2016 15:28:37 GMT] "GET /3756d7d0b562a10ec4b9.hot-update.json HTTP/1.1" 404 - "http://localhost:8000/login" "Mozilla/5.0 (Windows NT 10.0; WOW64) AppleWebKit/537.36 (KHTML, like Gecko) Chrome/47.0.2526.106 Safari/537.36"
::1 - - [Tue, 12 Jan 2016 15:28:37 GMT] "GET /login HTTP/1.1" 200 - "http://localhost:8000/login" "Mozilla/5.0 (Windows NT 10.0; WOW64) AppleWebKit/537.36 (KHTML, like Gecko) Chrome/47.0.2526.106 Safari/537.36"
::1 - - [Tue, 12 Jan 2016 15:28:37 GMT] "GET /__webpack_hmr HTTP/1.1" 200 - "http://localhost:8000/login" "Mozilla/5.0 (Windows NT 10.0; WOW64) AppleWebKit/537.36 (KHTML, like Gecko) Chrome/47.0.2526.106 Safari/537.36"
::1 - - [Tue, 12 Jan 2016 15:28:38 GMT] "GET /scripts/jquery.js HTTP/1.1" 200 - "http://localhost:8000/login" "Mozilla/5.0 (Windows NT 10.0; WOW64) AppleWebKit/537.36 (KHTML, like Gecko) Chrome/47.0.2526.106 Safari/537.36"
::1 - - [Tue, 12 Jan 2016 15:28:38 GMT] "GET /scripts/simditor-all.js HTTP/1.1" 200 - "http://localhost:8000/login" "Mozilla/5.0 (Windows NT 10.0; WOW64) AppleWebKit/537.36 (KHTML, like Gecko) Chrome/47.0.2526.106 Safari/537.36"
::1 - - [Tue, 12 Jan 2016 15:28:38 GMT] "GET /bundle.js HTTP/1.1" 200 - "http://localhost:8000/login" "Mozilla/5.0 (Windows NT 10.0; WOW64) AppleWebKit/537.36 (KHTML, like Gecko) Chrome/47.0.2526.106 Safari/537.36"
::1 - - [Tue, 12 Jan 2016 15:28:39 GMT] "GET /img/logo.c1968f51.png HTTP/1.1" 200 2372 "http://localhost:8000/login" "Mozilla/5.0 (Windows NT 10.0; WOW64) AppleWebKit/537.36 (KHTML, like Gecko) Chrome/47.0.2526.106 Safari/537.36"
::1 - - [Tue, 12 Jan 2016 15:28:39 GMT] "GET /static/revved/img/index/sprites.auto.ccb0e398.png HTTP/1.1" 404 - "http://localhost:8000/login" "Mozilla/5.0 (Windows NT 10.0; WOW64) AppleWebKit/537.36 (KHTML, like Gecko) Chrome/47.0.2526.106 Safari/537.36"
::1 - - [Tue, 12 Jan 2016 15:32:03 GMT] "GET /login HTTP/1.1" 200 - "http://localhost:8000/login" "Mozilla/5.0 (Windows NT 10.0; WOW64) AppleWebKit/537.36 (KHTML, like Gecko) Chrome/47.0.2526.106 Safari/537.36"
::1 - - [Tue, 12 Jan 2016 15:32:03 GMT] "GET /__webpack_hmr HTTP/1.1" 200 - "http://localhost:8000/login" "Mozilla/5.0 (Windows NT 10.0; WOW64) AppleWebKit/537.36 (KHTML, like Gecko) Chrome/47.0.2526.106 Safari/537.36"
::1 - - [Tue, 12 Jan 2016 15:32:03 GMT] "GET /scripts/jquery.js HTTP/1.1" 200 - "http://localhost:8000/login" "Mozilla/5.0 (Windows NT 10.0; WOW64) AppleWebKit/537.36 (KHTML, like Gecko) Chrome/47.0.2526.106 Safari/537.36"
::1 - - [Tue, 12 Jan 2016 15:32:03 GMT] "GET /scripts/simditor-all.js HTTP/1.1" 200 - "http://localhost:8000/login" "Mozilla/5.0 (Windows NT 10.0; WOW64) AppleWebKit/537.36 (KHTML, like Gecko) Chrome/47.0.2526.106 Safari/537.36"
::1 - - [Tue, 12 Jan 2016 15:32:03 GMT] "GET /bundle.js HTTP/1.1" 200 - "http://localhost:8000/login" "Mozilla/5.0 (Windows NT 10.0; WOW64) AppleWebKit/537.36 (KHTML, like Gecko) Chrome/47.0.2526.106 Safari/537.36"
::1 - - [Tue, 12 Jan 2016 15:32:04 GMT] "GET /img/logo.c1968f51.png HTTP/1.1" 200 2372 "http://localhost:8000/login" "Mozilla/5.0 (Windows NT 10.0; WOW64) AppleWebKit/537.36 (KHTML, like Gecko) Chrome/47.0.2526.106 Safari/537.36"
::1 - - [Tue, 12 Jan 2016 15:32:04 GMT] "GET /static/revved/img/index/sprites.auto.ccb0e398.png HTTP/1.1" 404 - "http://localhost:8000/login" "Mozilla/5.0 (Windows NT 10.0; WOW64) AppleWebKit/537.36 (KHTML, like Gecko) Chrome/47.0.2526.106 Safari/537.36"
::1 - - [Tue, 12 Jan 2016 15:32:42 GMT] "GET /login HTTP/1.1" 200 - "http://localhost:8000/login" "Mozilla/5.0 (Windows NT 10.0; WOW64) AppleWebKit/537.36 (KHTML, like Gecko) Chrome/47.0.2526.106 Safari/537.36"
::1 - - [Tue, 12 Jan 2016 15:32:42 GMT] "GET /__webpack_hmr HTTP/1.1" 200 - "http://localhost:8000/login" "Mozilla/5.0 (Windows NT 10.0; WOW64) AppleWebKit/537.36 (KHTML, like Gecko) Chrome/47.0.2526.106 Safari/537.36"
::1 - - [Tue, 12 Jan 2016 15:32:42 GMT] "GET /34d48b9755a31da8b63f.hot-update.json HTTP/1.1" - - "http://localhost:8000/login" "Mozilla/5.0 (Windows NT 10.0; WOW64) AppleWebKit/537.36 (KHTML, like Gecko) Chrome/47.0.2526.106 Safari/537.36"
::1 - - [Tue, 12 Jan 2016 15:32:44 GMT] "GET /scripts/jquery.js HTTP/1.1" 200 - "http://localhost:8000/login" "Mozilla/5.0 (Windows NT 10.0; WOW64) AppleWebKit/537.36 (KHTML, like Gecko) Chrome/47.0.2526.106 Safari/537.36"
::1 - - [Tue, 12 Jan 2016 15:32:44 GMT] "GET /scripts/simditor-all.js HTTP/1.1" 200 - "http://localhost:8000/login" "Mozilla/5.0 (Windows NT 10.0; WOW64) AppleWebKit/537.36 (KHTML, like Gecko) Chrome/47.0.2526.106 Safari/537.36"
::1 - - [Tue, 12 Jan 2016 15:32:45 GMT] "GET /bundle.js HTTP/1.1" 200 - "http://localhost:8000/login" "Mozilla/5.0 (Windows NT 10.0; WOW64) AppleWebKit/537.36 (KHTML, like Gecko) Chrome/47.0.2526.106 Safari/537.36"
::1 - - [Tue, 12 Jan 2016 15:32:45 GMT] "GET /img/logo.c1968f51.png HTTP/1.1" 200 2372 "http://localhost:8000/login" "Mozilla/5.0 (Windows NT 10.0; WOW64) AppleWebKit/537.36 (KHTML, like Gecko) Chrome/47.0.2526.106 Safari/537.36"
::1 - - [Tue, 12 Jan 2016 15:32:45 GMT] "GET /static/revved/img/index/sprites.auto.ccb0e398.png HTTP/1.1" 404 - "http://localhost:8000/login" "Mozilla/5.0 (Windows NT 10.0; WOW64) AppleWebKit/537.36 (KHTML, like Gecko) Chrome/47.0.2526.106 Safari/537.36"
::1 - - [Tue, 12 Jan 2016 15:37:17 GMT] "GET /login HTTP/1.1" 200 - "http://localhost:8000/login" "Mozilla/5.0 (Windows NT 10.0; WOW64) AppleWebKit/537.36 (KHTML, like Gecko) Chrome/47.0.2526.106 Safari/537.36"
::1 - - [Tue, 12 Jan 2016 15:37:17 GMT] "GET /__webpack_hmr HTTP/1.1" 200 - "http://localhost:8000/login" "Mozilla/5.0 (Windows NT 10.0; WOW64) AppleWebKit/537.36 (KHTML, like Gecko) Chrome/47.0.2526.106 Safari/537.36"
::1 - - [Tue, 12 Jan 2016 15:37:17 GMT] "GET /scripts/jquery.js HTTP/1.1" 200 - "http://localhost:8000/login" "Mozilla/5.0 (Windows NT 10.0; WOW64) AppleWebKit/537.36 (KHTML, like Gecko) Chrome/47.0.2526.106 Safari/537.36"
::1 - - [Tue, 12 Jan 2016 15:37:17 GMT] "GET /scripts/simditor-all.js HTTP/1.1" 200 - "http://localhost:8000/login" "Mozilla/5.0 (Windows NT 10.0; WOW64) AppleWebKit/537.36 (KHTML, like Gecko) Chrome/47.0.2526.106 Safari/537.36"
::1 - - [Tue, 12 Jan 2016 15:37:17 GMT] "GET /bundle.js HTTP/1.1" 200 - "http://localhost:8000/login" "Mozilla/5.0 (Windows NT 10.0; WOW64) AppleWebKit/537.36 (KHTML, like Gecko) Chrome/47.0.2526.106 Safari/537.36"
::1 - - [Tue, 12 Jan 2016 15:37:18 GMT] "GET /img/logo.c1968f51.png HTTP/1.1" 200 2372 "http://localhost:8000/login" "Mozilla/5.0 (Windows NT 10.0; WOW64) AppleWebKit/537.36 (KHTML, like Gecko) Chrome/47.0.2526.106 Safari/537.36"
::1 - - [Tue, 12 Jan 2016 15:37:18 GMT] "GET /static/revved/img/index/sprites.auto.ccb0e398.png HTTP/1.1" 404 - "http://localhost:8000/login" "Mozilla/5.0 (Windows NT 10.0; WOW64) AppleWebKit/537.36 (KHTML, like Gecko) Chrome/47.0.2526.106 Safari/537.36"
::1 - - [Tue, 12 Jan 2016 15:38:40 GMT] "GET /login HTTP/1.1" 200 - "http://localhost:8000/login" "Mozilla/5.0 (Windows NT 10.0; WOW64) AppleWebKit/537.36 (KHTML, like Gecko) Chrome/47.0.2526.106 Safari/537.36"
::1 - - [Tue, 12 Jan 2016 15:38:40 GMT] "GET /__webpack_hmr HTTP/1.1" 200 - "http://localhost:8000/login" "Mozilla/5.0 (Windows NT 10.0; WOW64) AppleWebKit/537.36 (KHTML, like Gecko) Chrome/47.0.2526.106 Safari/537.36"
::1 - - [Tue, 12 Jan 2016 15:38:40 GMT] "GET /16e7a24fd1bf4ab4ef07.hot-update.json HTTP/1.1" - - "http://localhost:8000/login" "Mozilla/5.0 (Windows NT 10.0; WOW64) AppleWebKit/537.36 (KHTML, like Gecko) Chrome/47.0.2526.106 Safari/537.36"
::1 - - [Tue, 12 Jan 2016 15:38:43 GMT] "GET /scripts/jquery.js HTTP/1.1" 200 - "http://localhost:8000/login" "Mozilla/5.0 (Windows NT 10.0; WOW64) AppleWebKit/537.36 (KHTML, like Gecko) Chrome/47.0.2526.106 Safari/537.36"
::1 - - [Tue, 12 Jan 2016 15:38:43 GMT] "GET /scripts/simditor-all.js HTTP/1.1" 200 - "http://localhost:8000/login" "Mozilla/5.0 (Windows NT 10.0; WOW64) AppleWebKit/537.36 (KHTML, like Gecko) Chrome/47.0.2526.106 Safari/537.36"
::1 - - [Tue, 12 Jan 2016 15:38:43 GMT] "GET /bundle.js HTTP/1.1" 200 - "http://localhost:8000/login" "Mozilla/5.0 (Windows NT 10.0; WOW64) AppleWebKit/537.36 (KHTML, like Gecko) Chrome/47.0.2526.106 Safari/537.36"
::1 - - [Tue, 12 Jan 2016 15:38:44 GMT] "GET /img/logo.c1968f51.png HTTP/1.1" 200 2372 "http://localhost:8000/login" "Mozilla/5.0 (Windows NT 10.0; WOW64) AppleWebKit/537.36 (KHTML, like Gecko) Chrome/47.0.2526.106 Safari/537.36"
::1 - - [Tue, 12 Jan 2016 15:38:44 GMT] "GET /static/revved/img/index/sprites.auto.ccb0e398.png HTTP/1.1" 404 - "http://localhost:8000/login" "Mozilla/5.0 (Windows NT 10.0; WOW64) AppleWebKit/537.36 (KHTML, like Gecko) Chrome/47.0.2526.106 Safari/537.36"
::1 - - [Tue, 12 Jan 2016 15:42:50 GMT] "GET /login HTTP/1.1" 200 - "http://localhost:8000/login" "Mozilla/5.0 (Windows NT 10.0; WOW64) AppleWebKit/537.36 (KHTML, like Gecko) Chrome/47.0.2526.106 Safari/537.36"
::1 - - [Tue, 12 Jan 2016 15:42:50 GMT] "GET /__webpack_hmr HTTP/1.1" 200 - "http://localhost:8000/login" "Mozilla/5.0 (Windows NT 10.0; WOW64) AppleWebKit/537.36 (KHTML, like Gecko) Chrome/47.0.2526.106 Safari/537.36"
::1 - - [Tue, 12 Jan 2016 15:42:50 GMT] "GET /f0414f9d4c8b507f22d4.hot-update.json HTTP/1.1" - - "http://localhost:8000/login" "Mozilla/5.0 (Windows NT 10.0; WOW64) AppleWebKit/537.36 (KHTML, like Gecko) Chrome/47.0.2526.106 Safari/537.36"
::1 - - [Tue, 12 Jan 2016 15:42:52 GMT] "GET /scripts/jquery.js HTTP/1.1" 304 - "http://localhost:8000/login" "Mozilla/5.0 (Windows NT 10.0; WOW64) AppleWebKit/537.36 (KHTML, like Gecko) Chrome/47.0.2526.106 Safari/537.36"
::1 - - [Tue, 12 Jan 2016 15:42:52 GMT] "GET /scripts/simditor-all.js HTTP/1.1" 304 - "http://localhost:8000/login" "Mozilla/5.0 (Windows NT 10.0; WOW64) AppleWebKit/537.36 (KHTML, like Gecko) Chrome/47.0.2526.106 Safari/537.36"
::1 - - [Tue, 12 Jan 2016 15:42:52 GMT] "GET /bundle.js HTTP/1.1" 200 - "http://localhost:8000/login" "Mozilla/5.0 (Windows NT 10.0; WOW64) AppleWebKit/537.36 (KHTML, like Gecko) Chrome/47.0.2526.106 Safari/537.36"
::1 - - [Tue, 12 Jan 2016 15:42:53 GMT] "GET /img/logo.c1968f51.png HTTP/1.1" 304 - "http://localhost:8000/login" "Mozilla/5.0 (Windows NT 10.0; WOW64) AppleWebKit/537.36 (KHTML, like Gecko) Chrome/47.0.2526.106 Safari/537.36"
::1 - - [Tue, 12 Jan 2016 15:42:53 GMT] "GET /static/revved/img/index/sprites.auto.ccb0e398.png HTTP/1.1" 404 - "http://localhost:8000/login" "Mozilla/5.0 (Windows NT 10.0; WOW64) AppleWebKit/537.36 (KHTML, like Gecko) Chrome/47.0.2526.106 Safari/537.36"
::1 - - [Tue, 12 Jan 2016 15:44:32 GMT] "GET /login HTTP/1.1" 200 - "http://localhost:8000/login" "Mozilla/5.0 (Windows NT 10.0; WOW64) AppleWebKit/537.36 (KHTML, like Gecko) Chrome/47.0.2526.106 Safari/537.36"
::1 - - [Tue, 12 Jan 2016 15:44:32 GMT] "GET /e21dc9e9a22af1afa7ea.hot-update.json HTTP/1.1" 200 36 "http://localhost:8000/login" "Mozilla/5.0 (Windows NT 10.0; WOW64) AppleWebKit/537.36 (KHTML, like Gecko) Chrome/47.0.2526.106 Safari/537.36"
::1 - - [Tue, 12 Jan 2016 15:44:32 GMT] "GET /__webpack_hmr HTTP/1.1" 200 - "http://localhost:8000/login" "Mozilla/5.0 (Windows NT 10.0; WOW64) AppleWebKit/537.36 (KHTML, like Gecko) Chrome/47.0.2526.106 Safari/537.36"
::1 - - [Tue, 12 Jan 2016 15:44:33 GMT] "GET /scripts/jquery.js HTTP/1.1" 304 - "http://localhost:8000/login" "Mozilla/5.0 (Windows NT 10.0; WOW64) AppleWebKit/537.36 (KHTML, like Gecko) Chrome/47.0.2526.106 Safari/537.36"
::1 - - [Tue, 12 Jan 2016 15:44:33 GMT] "GET /scripts/simditor-all.js HTTP/1.1" 304 - "http://localhost:8000/login" "Mozilla/5.0 (Windows NT 10.0; WOW64) AppleWebKit/537.36 (KHTML, like Gecko) Chrome/47.0.2526.106 Safari/537.36"
::1 - - [Tue, 12 Jan 2016 15:44:33 GMT] "GET /bundle.js HTTP/1.1" 200 - "http://localhost:8000/login" "Mozilla/5.0 (Windows NT 10.0; WOW64) AppleWebKit/537.36 (KHTML, like Gecko) Chrome/47.0.2526.106 Safari/537.36"
::1 - - [Tue, 12 Jan 2016 15:44:33 GMT] "GET /img/logo.c1968f51.png HTTP/1.1" 304 - "http://localhost:8000/login" "Mozilla/5.0 (Windows NT 10.0; WOW64) AppleWebKit/537.36 (KHTML, like Gecko) Chrome/47.0.2526.106 Safari/537.36"
::1 - - [Tue, 12 Jan 2016 15:44:33 GMT] "GET /static/revved/img/index/sprites.auto.ccb0e398.png HTTP/1.1" 404 - "http://localhost:8000/login" "Mozilla/5.0 (Windows NT 10.0; WOW64) AppleWebKit/537.36 (KHTML, like Gecko) Chrome/47.0.2526.106 Safari/537.36"
::1 - - [Tue, 12 Jan 2016 15:48:18 GMT] "GET /04568f3be2771e0524e9.hot-update.json HTTP/1.1" 200 36 "http://localhost:8000/login" "Mozilla/5.0 (Windows NT 10.0; WOW64) AppleWebKit/537.36 (KHTML, like Gecko) Chrome/47.0.2526.106 Safari/537.36"
::1 - - [Tue, 12 Jan 2016 15:48:18 GMT] "GET /login HTTP/1.1" 200 - "http://localhost:8000/login" "Mozilla/5.0 (Windows NT 10.0; WOW64) AppleWebKit/537.36 (KHTML, like Gecko) Chrome/47.0.2526.106 Safari/537.36"
::1 - - [Tue, 12 Jan 2016 15:48:18 GMT] "GET /__webpack_hmr HTTP/1.1" 200 - "http://localhost:8000/login" "Mozilla/5.0 (Windows NT 10.0; WOW64) AppleWebKit/537.36 (KHTML, like Gecko) Chrome/47.0.2526.106 Safari/537.36"
::1 - - [Tue, 12 Jan 2016 15:48:18 GMT] "GET /0.04568f3be2771e0524e9.hot-update.js HTTP/1.1" 200 - "http://localhost:8000/login" "Mozilla/5.0 (Windows NT 10.0; WOW64) AppleWebKit/537.36 (KHTML, like Gecko) Chrome/47.0.2526.106 Safari/537.36"
::1 - - [Tue, 12 Jan 2016 15:48:18 GMT] "GET /scripts/jquery.js HTTP/1.1" 200 - "http://localhost:8000/login" "Mozilla/5.0 (Windows NT 10.0; WOW64) AppleWebKit/537.36 (KHTML, like Gecko) Chrome/47.0.2526.106 Safari/537.36"
::1 - - [Tue, 12 Jan 2016 15:48:18 GMT] "GET /scripts/simditor-all.js HTTP/1.1" 200 - "http://localhost:8000/login" "Mozilla/5.0 (Windows NT 10.0; WOW64) AppleWebKit/537.36 (KHTML, like Gecko) Chrome/47.0.2526.106 Safari/537.36"
::1 - - [Tue, 12 Jan 2016 15:48:18 GMT] "GET /bundle.js HTTP/1.1" 200 - "http://localhost:8000/login" "Mozilla/5.0 (Windows NT 10.0; WOW64) AppleWebKit/537.36 (KHTML, like Gecko) Chrome/47.0.2526.106 Safari/537.36"
::1 - - [Tue, 12 Jan 2016 15:48:19 GMT] "GET /img/logo.c1968f51.png HTTP/1.1" 200 2372 "http://localhost:8000/login" "Mozilla/5.0 (Windows NT 10.0; WOW64) AppleWebKit/537.36 (KHTML, like Gecko) Chrome/47.0.2526.106 Safari/537.36"
::1 - - [Tue, 12 Jan 2016 15:48:19 GMT] "GET /static/revved/img/index/sprites.auto.ccb0e398.png HTTP/1.1" 404 - "http://localhost:8000/login" "Mozilla/5.0 (Windows NT 10.0; WOW64) AppleWebKit/537.36 (KHTML, like Gecko) Chrome/47.0.2526.106 Safari/537.36"
::1 - - [Tue, 12 Jan 2016 15:52:37 GMT] "GET /0f97ae21bc3cf3acafbb.hot-update.json HTTP/1.1" 200 36 "http://localhost:8000/login" "Mozilla/5.0 (Windows NT 10.0; WOW64) AppleWebKit/537.36 (KHTML, like Gecko) Chrome/47.0.2526.106 Safari/537.36"
::1 - - [Tue, 12 Jan 2016 15:52:37 GMT] "GET /login HTTP/1.1" 200 - "http://localhost:8000/login" "Mozilla/5.0 (Windows NT 10.0; WOW64) AppleWebKit/537.36 (KHTML, like Gecko) Chrome/47.0.2526.106 Safari/537.36"
::1 - - [Tue, 12 Jan 2016 15:52:37 GMT] "GET /0.0f97ae21bc3cf3acafbb.hot-update.js HTTP/1.1" 200 - "http://localhost:8000/login" "Mozilla/5.0 (Windows NT 10.0; WOW64) AppleWebKit/537.36 (KHTML, like Gecko) Chrome/47.0.2526.106 Safari/537.36"
::1 - - [Tue, 12 Jan 2016 15:52:37 GMT] "GET /__webpack_hmr HTTP/1.1" 200 - "http://localhost:8000/login" "Mozilla/5.0 (Windows NT 10.0; WOW64) AppleWebKit/537.36 (KHTML, like Gecko) Chrome/47.0.2526.106 Safari/537.36"
::1 - - [Tue, 12 Jan 2016 15:52:38 GMT] "GET /scripts/jquery.js HTTP/1.1" 200 - "http://localhost:8000/login" "Mozilla/5.0 (Windows NT 10.0; WOW64) AppleWebKit/537.36 (KHTML, like Gecko) Chrome/47.0.2526.106 Safari/537.36"
::1 - - [Tue, 12 Jan 2016 15:52:38 GMT] "GET /scripts/simditor-all.js HTTP/1.1" 200 - "http://localhost:8000/login" "Mozilla/5.0 (Windows NT 10.0; WOW64) AppleWebKit/537.36 (KHTML, like Gecko) Chrome/47.0.2526.106 Safari/537.36"
::1 - - [Tue, 12 Jan 2016 15:52:38 GMT] "GET /bundle.js HTTP/1.1" 200 - "http://localhost:8000/login" "Mozilla/5.0 (Windows NT 10.0; WOW64) AppleWebKit/537.36 (KHTML, like Gecko) Chrome/47.0.2526.106 Safari/537.36"
::1 - - [Tue, 12 Jan 2016 15:52:39 GMT] "GET /img/logo.c1968f51.png HTTP/1.1" 200 2372 "http://localhost:8000/login" "Mozilla/5.0 (Windows NT 10.0; WOW64) AppleWebKit/537.36 (KHTML, like Gecko) Chrome/47.0.2526.106 Safari/537.36"
::1 - - [Tue, 12 Jan 2016 15:52:39 GMT] "GET /static/revved/img/index/sprites.auto.ccb0e398.png HTTP/1.1" 404 - "http://localhost:8000/login" "Mozilla/5.0 (Windows NT 10.0; WOW64) AppleWebKit/537.36 (KHTML, like Gecko) Chrome/47.0.2526.106 Safari/537.36"
::1 - - [Tue, 12 Jan 2016 15:55:35 GMT] "GET /login HTTP/1.1" 200 - "http://localhost:8000/login" "Mozilla/5.0 (Windows NT 10.0; WOW64) AppleWebKit/537.36 (KHTML, like Gecko) Chrome/47.0.2526.106 Safari/537.36"
::1 - - [Tue, 12 Jan 2016 15:55:35 GMT] "GET /__webpack_hmr HTTP/1.1" 200 - "http://localhost:8000/login" "Mozilla/5.0 (Windows NT 10.0; WOW64) AppleWebKit/537.36 (KHTML, like Gecko) Chrome/47.0.2526.106 Safari/537.36"
::1 - - [Tue, 12 Jan 2016 15:55:35 GMT] "GET /f556f8c096fa137d0e0d.hot-update.json HTTP/1.1" - - "http://localhost:8000/login" "Mozilla/5.0 (Windows NT 10.0; WOW64) AppleWebKit/537.36 (KHTML, like Gecko) Chrome/47.0.2526.106 Safari/537.36"
::1 - - [Tue, 12 Jan 2016 15:55:37 GMT] "GET /scripts/jquery.js HTTP/1.1" 200 - "http://localhost:8000/login" "Mozilla/5.0 (Windows NT 10.0; WOW64) AppleWebKit/537.36 (KHTML, like Gecko) Chrome/47.0.2526.106 Safari/537.36"
::1 - - [Tue, 12 Jan 2016 15:55:37 GMT] "GET /scripts/simditor-all.js HTTP/1.1" 200 - "http://localhost:8000/login" "Mozilla/5.0 (Windows NT 10.0; WOW64) AppleWebKit/537.36 (KHTML, like Gecko) Chrome/47.0.2526.106 Safari/537.36"
::1 - - [Tue, 12 Jan 2016 15:55:38 GMT] "GET /bundle.js HTTP/1.1" 200 - "http://localhost:8000/login" "Mozilla/5.0 (Windows NT 10.0; WOW64) AppleWebKit/537.36 (KHTML, like Gecko) Chrome/47.0.2526.106 Safari/537.36"
::1 - - [Tue, 12 Jan 2016 15:55:38 GMT] "GET /img/logo.c1968f51.png HTTP/1.1" 200 2372 "http://localhost:8000/login" "Mozilla/5.0 (Windows NT 10.0; WOW64) AppleWebKit/537.36 (KHTML, like Gecko) Chrome/47.0.2526.106 Safari/537.36"
::1 - - [Tue, 12 Jan 2016 15:55:38 GMT] "GET /static/revved/img/index/sprites.auto.ccb0e398.png HTTP/1.1" 404 - "http://localhost:8000/login" "Mozilla/5.0 (Windows NT 10.0; WOW64) AppleWebKit/537.36 (KHTML, like Gecko) Chrome/47.0.2526.106 Safari/537.36"
::1 - - [Tue, 12 Jan 2016 15:58:39 GMT] "GET /d956cf4fdbf18b4d6cff.hot-update.json HTTP/1.1" 200 36 "http://localhost:8000/login" "Mozilla/5.0 (Windows NT 10.0; WOW64) AppleWebKit/537.36 (KHTML, like Gecko) Chrome/47.0.2526.106 Safari/537.36"
::1 - - [Tue, 12 Jan 2016 15:58:39 GMT] "GET /login HTTP/1.1" 200 - "http://localhost:8000/login" "Mozilla/5.0 (Windows NT 10.0; WOW64) AppleWebKit/537.36 (KHTML, like Gecko) Chrome/47.0.2526.106 Safari/537.36"
::1 - - [Tue, 12 Jan 2016 15:58:39 GMT] "GET /__webpack_hmr HTTP/1.1" 200 - "http://localhost:8000/login" "Mozilla/5.0 (Windows NT 10.0; WOW64) AppleWebKit/537.36 (KHTML, like Gecko) Chrome/47.0.2526.106 Safari/537.36"
::1 - - [Tue, 12 Jan 2016 15:58:39 GMT] "GET /0.d956cf4fdbf18b4d6cff.hot-update.js HTTP/1.1" 200 - "http://localhost:8000/login" "Mozilla/5.0 (Windows NT 10.0; WOW64) AppleWebKit/537.36 (KHTML, like Gecko) Chrome/47.0.2526.106 Safari/537.36"
::1 - - [Tue, 12 Jan 2016 15:58:39 GMT] "GET /scripts/jquery.js HTTP/1.1" 200 - "http://localhost:8000/login" "Mozilla/5.0 (Windows NT 10.0; WOW64) AppleWebKit/537.36 (KHTML, like Gecko) Chrome/47.0.2526.106 Safari/537.36"
::1 - - [Tue, 12 Jan 2016 15:58:39 GMT] "GET /scripts/simditor-all.js HTTP/1.1" 200 - "http://localhost:8000/login" "Mozilla/5.0 (Windows NT 10.0; WOW64) AppleWebKit/537.36 (KHTML, like Gecko) Chrome/47.0.2526.106 Safari/537.36"
::1 - - [Tue, 12 Jan 2016 15:58:40 GMT] "GET /bundle.js HTTP/1.1" 200 - "http://localhost:8000/login" "Mozilla/5.0 (Windows NT 10.0; WOW64) AppleWebKit/537.36 (KHTML, like Gecko) Chrome/47.0.2526.106 Safari/537.36"
::1 - - [Tue, 12 Jan 2016 15:58:40 GMT] "GET /img/logo.c1968f51.png HTTP/1.1" 200 2372 "http://localhost:8000/login" "Mozilla/5.0 (Windows NT 10.0; WOW64) AppleWebKit/537.36 (KHTML, like Gecko) Chrome/47.0.2526.106 Safari/537.36"
::1 - - [Tue, 12 Jan 2016 15:58:40 GMT] "GET /static/revved/img/index/sprites.auto.ccb0e398.png HTTP/1.1" 404 - "http://localhost:8000/login" "Mozilla/5.0 (Windows NT 10.0; WOW64) AppleWebKit/537.36 (KHTML, like Gecko) Chrome/47.0.2526.106 Safari/537.36"
::1 - - [Tue, 12 Jan 2016 15:59:49 GMT] "GET /login HTTP/1.1" 200 - "http://localhost:8000/login" "Mozilla/5.0 (Windows NT 10.0; WOW64) AppleWebKit/537.36 (KHTML, like Gecko) Chrome/47.0.2526.106 Safari/537.36"
::1 - - [Tue, 12 Jan 2016 15:59:49 GMT] "GET /__webpack_hmr HTTP/1.1" 200 - "http://localhost:8000/login" "Mozilla/5.0 (Windows NT 10.0; WOW64) AppleWebKit/537.36 (KHTML, like Gecko) Chrome/47.0.2526.106 Safari/537.36"
::1 - - [Tue, 12 Jan 2016 15:59:50 GMT] "GET /scripts/jquery.js HTTP/1.1" 200 - "http://localhost:8000/login" "Mozilla/5.0 (Windows NT 10.0; WOW64) AppleWebKit/537.36 (KHTML, like Gecko) Chrome/47.0.2526.106 Safari/537.36"
::1 - - [Tue, 12 Jan 2016 15:59:50 GMT] "GET /scripts/simditor-all.js HTTP/1.1" 200 - "http://localhost:8000/login" "Mozilla/5.0 (Windows NT 10.0; WOW64) AppleWebKit/537.36 (KHTML, like Gecko) Chrome/47.0.2526.106 Safari/537.36"
::1 - - [Tue, 12 Jan 2016 15:59:50 GMT] "GET /bundle.js HTTP/1.1" 200 - "http://localhost:8000/login" "Mozilla/5.0 (Windows NT 10.0; WOW64) AppleWebKit/537.36 (KHTML, like Gecko) Chrome/47.0.2526.106 Safari/537.36"
::1 - - [Tue, 12 Jan 2016 15:59:50 GMT] "GET /img/logo.c1968f51.png HTTP/1.1" 200 2372 "http://localhost:8000/login" "Mozilla/5.0 (Windows NT 10.0; WOW64) AppleWebKit/537.36 (KHTML, like Gecko) Chrome/47.0.2526.106 Safari/537.36"
::1 - - [Tue, 12 Jan 2016 15:59:50 GMT] "GET /static/revved/img/index/sprites.auto.ccb0e398.png HTTP/1.1" 404 - "http://localhost:8000/login" "Mozilla/5.0 (Windows NT 10.0; WOW64) AppleWebKit/537.36 (KHTML, like Gecko) Chrome/47.0.2526.106 Safari/537.36"
::1 - - [Tue, 12 Jan 2016 16:00:29 GMT] "GET /login HTTP/1.1" 200 - "http://localhost:8000/login" "Mozilla/5.0 (Windows NT 10.0; WOW64) AppleWebKit/537.36 (KHTML, like Gecko) Chrome/47.0.2526.106 Safari/537.36"
::1 - - [Tue, 12 Jan 2016 16:00:29 GMT] "GET /__webpack_hmr HTTP/1.1" 200 - "http://localhost:8000/login" "Mozilla/5.0 (Windows NT 10.0; WOW64) AppleWebKit/537.36 (KHTML, like Gecko) Chrome/47.0.2526.106 Safari/537.36"
::1 - - [Tue, 12 Jan 2016 16:00:30 GMT] "GET /scripts/jquery.js HTTP/1.1" 200 - "http://localhost:8000/login" "Mozilla/5.0 (Windows NT 10.0; WOW64) AppleWebKit/537.36 (KHTML, like Gecko) Chrome/47.0.2526.106 Safari/537.36"
::1 - - [Tue, 12 Jan 2016 16:00:30 GMT] "GET /scripts/simditor-all.js HTTP/1.1" 200 - "http://localhost:8000/login" "Mozilla/5.0 (Windows NT 10.0; WOW64) AppleWebKit/537.36 (KHTML, like Gecko) Chrome/47.0.2526.106 Safari/537.36"
::1 - - [Tue, 12 Jan 2016 16:00:30 GMT] "GET /bundle.js HTTP/1.1" 200 - "http://localhost:8000/login" "Mozilla/5.0 (Windows NT 10.0; WOW64) AppleWebKit/537.36 (KHTML, like Gecko) Chrome/47.0.2526.106 Safari/537.36"
::1 - - [Tue, 12 Jan 2016 16:00:31 GMT] "GET /img/logo.c1968f51.png HTTP/1.1" 200 2372 "http://localhost:8000/login" "Mozilla/5.0 (Windows NT 10.0; WOW64) AppleWebKit/537.36 (KHTML, like Gecko) Chrome/47.0.2526.106 Safari/537.36"
::1 - - [Tue, 12 Jan 2016 16:00:31 GMT] "GET /static/revved/img/index/sprites.auto.ccb0e398.png HTTP/1.1" 404 - "http://localhost:8000/login" "Mozilla/5.0 (Windows NT 10.0; WOW64) AppleWebKit/537.36 (KHTML, like Gecko) Chrome/47.0.2526.106 Safari/537.36"
::1 - - [Tue, 12 Jan 2016 16:00:59 GMT] "GET /login HTTP/1.1" 200 - "http://localhost:8000/login" "Mozilla/5.0 (Windows NT 10.0; WOW64) AppleWebKit/537.36 (KHTML, like Gecko) Chrome/47.0.2526.106 Safari/537.36"
::1 - - [Tue, 12 Jan 2016 16:00:59 GMT] "GET /__webpack_hmr HTTP/1.1" 200 - "http://localhost:8000/login" "Mozilla/5.0 (Windows NT 10.0; WOW64) AppleWebKit/537.36 (KHTML, like Gecko) Chrome/47.0.2526.106 Safari/537.36"
::1 - - [Tue, 12 Jan 2016 16:00:59 GMT] "GET /3851d5f23f2a2572320a.hot-update.json HTTP/1.1" - - "http://localhost:8000/login" "Mozilla/5.0 (Windows NT 10.0; WOW64) AppleWebKit/537.36 (KHTML, like Gecko) Chrome/47.0.2526.106 Safari/537.36"
::1 - - [Tue, 12 Jan 2016 16:01:02 GMT] "GET /scripts/jquery.js HTTP/1.1" 200 - "http://localhost:8000/login" "Mozilla/5.0 (Windows NT 10.0; WOW64) AppleWebKit/537.36 (KHTML, like Gecko) Chrome/47.0.2526.106 Safari/537.36"
::1 - - [Tue, 12 Jan 2016 16:01:02 GMT] "GET /scripts/simditor-all.js HTTP/1.1" 200 - "http://localhost:8000/login" "Mozilla/5.0 (Windows NT 10.0; WOW64) AppleWebKit/537.36 (KHTML, like Gecko) Chrome/47.0.2526.106 Safari/537.36"
::1 - - [Tue, 12 Jan 2016 16:01:02 GMT] "GET /bundle.js HTTP/1.1" 200 - "http://localhost:8000/login" "Mozilla/5.0 (Windows NT 10.0; WOW64) AppleWebKit/537.36 (KHTML, like Gecko) Chrome/47.0.2526.106 Safari/537.36"
::1 - - [Tue, 12 Jan 2016 16:01:02 GMT] "GET /img/logo.c1968f51.png HTTP/1.1" 304 - "http://localhost:8000/login" "Mozilla/5.0 (Windows NT 10.0; WOW64) AppleWebKit/537.36 (KHTML, like Gecko) Chrome/47.0.2526.106 Safari/537.36"
::1 - - [Tue, 12 Jan 2016 16:01:02 GMT] "GET /static/revved/img/index/sprites.auto.ccb0e398.png HTTP/1.1" 404 - "http://localhost:8000/login" "Mozilla/5.0 (Windows NT 10.0; WOW64) AppleWebKit/537.36 (KHTML, like Gecko) Chrome/47.0.2526.106 Safari/537.36"
::1 - - [Tue, 12 Jan 2016 16:02:51 GMT] "GET /login HTTP/1.1" 200 - "http://localhost:8000/login" "Mozilla/5.0 (Windows NT 10.0; WOW64) AppleWebKit/537.36 (KHTML, like Gecko) Chrome/47.0.2526.106 Safari/537.36"
::1 - - [Tue, 12 Jan 2016 16:02:51 GMT] "GET /d39ec01d13abfc2880db.hot-update.json HTTP/1.1" 200 36 "http://localhost:8000/login" "Mozilla/5.0 (Windows NT 10.0; WOW64) AppleWebKit/537.36 (KHTML, like Gecko) Chrome/47.0.2526.106 Safari/537.36"
::1 - - [Tue, 12 Jan 2016 16:02:51 GMT] "GET /__webpack_hmr HTTP/1.1" 200 - "http://localhost:8000/login" "Mozilla/5.0 (Windows NT 10.0; WOW64) AppleWebKit/537.36 (KHTML, like Gecko) Chrome/47.0.2526.106 Safari/537.36"
::1 - - [Tue, 12 Jan 2016 16:02:51 GMT] "GET /scripts/simditor-all.js HTTP/1.1" 200 - "http://localhost:8000/login" "Mozilla/5.0 (Windows NT 10.0; WOW64) AppleWebKit/537.36 (KHTML, like Gecko) Chrome/47.0.2526.106 Safari/537.36"
::1 - - [Tue, 12 Jan 2016 16:02:51 GMT] "GET /scripts/jquery.js HTTP/1.1" 200 - "http://localhost:8000/login" "Mozilla/5.0 (Windows NT 10.0; WOW64) AppleWebKit/537.36 (KHTML, like Gecko) Chrome/47.0.2526.106 Safari/537.36"
::1 - - [Tue, 12 Jan 2016 16:02:52 GMT] "GET /bundle.js HTTP/1.1" 200 - "http://localhost:8000/login" "Mozilla/5.0 (Windows NT 10.0; WOW64) AppleWebKit/537.36 (KHTML, like Gecko) Chrome/47.0.2526.106 Safari/537.36"
::1 - - [Tue, 12 Jan 2016 16:02:52 GMT] "GET /img/logo.c1968f51.png HTTP/1.1" 200 2372 "http://localhost:8000/login" "Mozilla/5.0 (Windows NT 10.0; WOW64) AppleWebKit/537.36 (KHTML, like Gecko) Chrome/47.0.2526.106 Safari/537.36"
::1 - - [Tue, 12 Jan 2016 16:02:52 GMT] "GET /static/revved/img/index/sprites.auto.ccb0e398.png HTTP/1.1" 404 - "http://localhost:8000/login" "Mozilla/5.0 (Windows NT 10.0; WOW64) AppleWebKit/537.36 (KHTML, like Gecko) Chrome/47.0.2526.106 Safari/537.36"
::1 - - [Tue, 12 Jan 2016 16:03:45 GMT] "GET /53ebf3426c0a1884704f.hot-update.json HTTP/1.1" 200 36 "http://localhost:8000/login" "Mozilla/5.0 (Windows NT 10.0; WOW64) AppleWebKit/537.36 (KHTML, like Gecko) Chrome/47.0.2526.106 Safari/537.36"
::1 - - [Tue, 12 Jan 2016 16:03:45 GMT] "GET /login HTTP/1.1" 200 - "http://localhost:8000/login" "Mozilla/5.0 (Windows NT 10.0; WOW64) AppleWebKit/537.36 (KHTML, like Gecko) Chrome/47.0.2526.106 Safari/537.36"
::1 - - [Tue, 12 Jan 2016 16:03:45 GMT] "GET /0.53ebf3426c0a1884704f.hot-update.js HTTP/1.1" - - "http://localhost:8000/login" "Mozilla/5.0 (Windows NT 10.0; WOW64) AppleWebKit/537.36 (KHTML, like Gecko) Chrome/47.0.2526.106 Safari/537.36"
::1 - - [Tue, 12 Jan 2016 16:03:45 GMT] "GET /__webpack_hmr HTTP/1.1" 200 - "http://localhost:8000/login" "Mozilla/5.0 (Windows NT 10.0; WOW64) AppleWebKit/537.36 (KHTML, like Gecko) Chrome/47.0.2526.106 Safari/537.36"
::1 - - [Tue, 12 Jan 2016 16:03:46 GMT] "GET /scripts/jquery.js HTTP/1.1" 304 - "http://localhost:8000/login" "Mozilla/5.0 (Windows NT 10.0; WOW64) AppleWebKit/537.36 (KHTML, like Gecko) Chrome/47.0.2526.106 Safari/537.36"
::1 - - [Tue, 12 Jan 2016 16:03:46 GMT] "GET /scripts/simditor-all.js HTTP/1.1" 304 - "http://localhost:8000/login" "Mozilla/5.0 (Windows NT 10.0; WOW64) AppleWebKit/537.36 (KHTML, like Gecko) Chrome/47.0.2526.106 Safari/537.36"
::1 - - [Tue, 12 Jan 2016 16:03:46 GMT] "GET /bundle.js HTTP/1.1" 200 - "http://localhost:8000/login" "Mozilla/5.0 (Windows NT 10.0; WOW64) AppleWebKit/537.36 (KHTML, like Gecko) Chrome/47.0.2526.106 Safari/537.36"
::1 - - [Tue, 12 Jan 2016 16:03:46 GMT] "GET /img/logo.c1968f51.png HTTP/1.1" 304 - "http://localhost:8000/login" "Mozilla/5.0 (Windows NT 10.0; WOW64) AppleWebKit/537.36 (KHTML, like Gecko) Chrome/47.0.2526.106 Safari/537.36"
::1 - - [Tue, 12 Jan 2016 16:03:46 GMT] "GET /static/revved/img/index/sprites.auto.ccb0e398.png HTTP/1.1" 404 - "http://localhost:8000/login" "Mozilla/5.0 (Windows NT 10.0; WOW64) AppleWebKit/537.36 (KHTML, like Gecko) Chrome/47.0.2526.106 Safari/537.36"
::1 - - [Tue, 12 Jan 2016 16:04:43 GMT] "GET /login HTTP/1.1" 200 - "http://localhost:8000/login" "Mozilla/5.0 (Windows NT 10.0; WOW64) AppleWebKit/537.36 (KHTML, like Gecko) Chrome/47.0.2526.106 Safari/537.36"
::1 - - [Tue, 12 Jan 2016 16:04:43 GMT] "GET /__webpack_hmr HTTP/1.1" 200 - "http://localhost:8000/login" "Mozilla/5.0 (Windows NT 10.0; WOW64) AppleWebKit/537.36 (KHTML, like Gecko) Chrome/47.0.2526.106 Safari/537.36"
::1 - - [Tue, 12 Jan 2016 16:04:43 GMT] "GET /24a464e68bb9050ac014.hot-update.json HTTP/1.1" - - "http://localhost:8000/login" "Mozilla/5.0 (Windows NT 10.0; WOW64) AppleWebKit/537.36 (KHTML, like Gecko) Chrome/47.0.2526.106 Safari/537.36"
::1 - - [Tue, 12 Jan 2016 16:04:45 GMT] "GET /scripts/jquery.js HTTP/1.1" 304 - "http://localhost:8000/login" "Mozilla/5.0 (Windows NT 10.0; WOW64) AppleWebKit/537.36 (KHTML, like Gecko) Chrome/47.0.2526.106 Safari/537.36"
::1 - - [Tue, 12 Jan 2016 16:04:45 GMT] "GET /scripts/simditor-all.js HTTP/1.1" 304 - "http://localhost:8000/login" "Mozilla/5.0 (Windows NT 10.0; WOW64) AppleWebKit/537.36 (KHTML, like Gecko) Chrome/47.0.2526.106 Safari/537.36"
::1 - - [Tue, 12 Jan 2016 16:04:45 GMT] "GET /bundle.js HTTP/1.1" 200 - "http://localhost:8000/login" "Mozilla/5.0 (Windows NT 10.0; WOW64) AppleWebKit/537.36 (KHTML, like Gecko) Chrome/47.0.2526.106 Safari/537.36"
::1 - - [Tue, 12 Jan 2016 16:04:46 GMT] "GET /img/logo.c1968f51.png HTTP/1.1" 304 - "http://localhost:8000/login" "Mozilla/5.0 (Windows NT 10.0; WOW64) AppleWebKit/537.36 (KHTML, like Gecko) Chrome/47.0.2526.106 Safari/537.36"
::1 - - [Tue, 12 Jan 2016 16:04:46 GMT] "GET /static/revved/img/index/sprites.auto.ccb0e398.png HTTP/1.1" 404 - "http://localhost:8000/login" "Mozilla/5.0 (Windows NT 10.0; WOW64) AppleWebKit/537.36 (KHTML, like Gecko) Chrome/47.0.2526.106 Safari/537.36"
::1 - - [Tue, 12 Jan 2016 16:05:16 GMT] "GET /login HTTP/1.1" 200 - "http://localhost:8000/login" "Mozilla/5.0 (Windows NT 10.0; WOW64) AppleWebKit/537.36 (KHTML, like Gecko) Chrome/47.0.2526.106 Safari/537.36"
::1 - - [Tue, 12 Jan 2016 16:05:16 GMT] "GET /__webpack_hmr HTTP/1.1" 200 - "http://localhost:8000/login" "Mozilla/5.0 (Windows NT 10.0; WOW64) AppleWebKit/537.36 (KHTML, like Gecko) Chrome/47.0.2526.106 Safari/537.36"
::1 - - [Tue, 12 Jan 2016 16:05:16 GMT] "GET /fe092a9a0b35afbeb610.hot-update.json HTTP/1.1" - - "http://localhost:8000/login" "Mozilla/5.0 (Windows NT 10.0; WOW64) AppleWebKit/537.36 (KHTML, like Gecko) Chrome/47.0.2526.106 Safari/537.36"
::1 - - [Tue, 12 Jan 2016 16:05:17 GMT] "GET /scripts/jquery.js HTTP/1.1" 304 - "http://localhost:8000/login" "Mozilla/5.0 (Windows NT 10.0; WOW64) AppleWebKit/537.36 (KHTML, like Gecko) Chrome/47.0.2526.106 Safari/537.36"
::1 - - [Tue, 12 Jan 2016 16:05:17 GMT] "GET /scripts/simditor-all.js HTTP/1.1" 304 - "http://localhost:8000/login" "Mozilla/5.0 (Windows NT 10.0; WOW64) AppleWebKit/537.36 (KHTML, like Gecko) Chrome/47.0.2526.106 Safari/537.36"
::1 - - [Tue, 12 Jan 2016 16:05:18 GMT] "GET /bundle.js HTTP/1.1" 200 - "http://localhost:8000/login" "Mozilla/5.0 (Windows NT 10.0; WOW64) AppleWebKit/537.36 (KHTML, like Gecko) Chrome/47.0.2526.106 Safari/537.36"
::1 - - [Tue, 12 Jan 2016 16:05:18 GMT] "GET /img/logo.c1968f51.png HTTP/1.1" 304 - "http://localhost:8000/login" "Mozilla/5.0 (Windows NT 10.0; WOW64) AppleWebKit/537.36 (KHTML, like Gecko) Chrome/47.0.2526.106 Safari/537.36"
::1 - - [Tue, 12 Jan 2016 16:05:18 GMT] "GET /static/revved/img/index/sprites.auto.ccb0e398.png HTTP/1.1" 404 - "http://localhost:8000/login" "Mozilla/5.0 (Windows NT 10.0; WOW64) AppleWebKit/537.36 (KHTML, like Gecko) Chrome/47.0.2526.106 Safari/537.36"
::1 - - [Tue, 12 Jan 2016 16:05:50 GMT] "GET /6bc2edac1739f799d8aa.hot-update.json HTTP/1.1" 200 36 "http://localhost:8000/login" "Mozilla/5.0 (Windows NT 10.0; WOW64) AppleWebKit/537.36 (KHTML, like Gecko) Chrome/47.0.2526.106 Safari/537.36"
::1 - - [Tue, 12 Jan 2016 16:05:50 GMT] "GET /0.6bc2edac1739f799d8aa.hot-update.js HTTP/1.1" 200 - "http://localhost:8000/login" "Mozilla/5.0 (Windows NT 10.0; WOW64) AppleWebKit/537.36 (KHTML, like Gecko) Chrome/47.0.2526.106 Safari/537.36"
::1 - - [Tue, 12 Jan 2016 16:05:54 GMT] "GET /login HTTP/1.1" 200 - "http://localhost:8000/login" "Mozilla/5.0 (Windows NT 10.0; WOW64) AppleWebKit/537.36 (KHTML, like Gecko) Chrome/47.0.2526.106 Safari/537.36"
::1 - - [Tue, 12 Jan 2016 16:05:54 GMT] "GET /__webpack_hmr HTTP/1.1" 200 - "http://localhost:8000/login" "Mozilla/5.0 (Windows NT 10.0; WOW64) AppleWebKit/537.36 (KHTML, like Gecko) Chrome/47.0.2526.106 Safari/537.36"
::1 - - [Tue, 12 Jan 2016 16:05:54 GMT] "GET /91973e8786fd8f4b9a63.hot-update.json HTTP/1.1" - - "http://localhost:8000/login" "Mozilla/5.0 (Windows NT 10.0; WOW64) AppleWebKit/537.36 (KHTML, like Gecko) Chrome/47.0.2526.106 Safari/537.36"
::1 - - [Tue, 12 Jan 2016 16:05:55 GMT] "GET /scripts/jquery.js HTTP/1.1" 304 - "http://localhost:8000/login" "Mozilla/5.0 (Windows NT 10.0; WOW64) AppleWebKit/537.36 (KHTML, like Gecko) Chrome/47.0.2526.106 Safari/537.36"
::1 - - [Tue, 12 Jan 2016 16:05:55 GMT] "GET /scripts/simditor-all.js HTTP/1.1" 304 - "http://localhost:8000/login" "Mozilla/5.0 (Windows NT 10.0; WOW64) AppleWebKit/537.36 (KHTML, like Gecko) Chrome/47.0.2526.106 Safari/537.36"
::1 - - [Tue, 12 Jan 2016 16:05:55 GMT] "GET /bundle.js HTTP/1.1" 200 - "http://localhost:8000/login" "Mozilla/5.0 (Windows NT 10.0; WOW64) AppleWebKit/537.36 (KHTML, like Gecko) Chrome/47.0.2526.106 Safari/537.36"
::1 - - [Tue, 12 Jan 2016 16:05:55 GMT] "GET /img/logo.c1968f51.png HTTP/1.1" 304 - "http://localhost:8000/login" "Mozilla/5.0 (Windows NT 10.0; WOW64) AppleWebKit/537.36 (KHTML, like Gecko) Chrome/47.0.2526.106 Safari/537.36"
::1 - - [Tue, 12 Jan 2016 16:05:55 GMT] "GET /static/revved/img/index/sprites.auto.ccb0e398.png HTTP/1.1" 404 - "http://localhost:8000/login" "Mozilla/5.0 (Windows NT 10.0; WOW64) AppleWebKit/537.36 (KHTML, like Gecko) Chrome/47.0.2526.106 Safari/537.36"
::1 - - [Tue, 12 Jan 2016 16:07:51 GMT] "GET /c856e9e84e42dc6c17e4.hot-update.json HTTP/1.1" 200 36 "http://localhost:8000/login" "Mozilla/5.0 (Windows NT 10.0; WOW64) AppleWebKit/537.36 (KHTML, like Gecko) Chrome/47.0.2526.106 Safari/537.36"
::1 - - [Tue, 12 Jan 2016 16:07:51 GMT] "GET /0.c856e9e84e42dc6c17e4.hot-update.js HTTP/1.1" 200 - "http://localhost:8000/login" "Mozilla/5.0 (Windows NT 10.0; WOW64) AppleWebKit/537.36 (KHTML, like Gecko) Chrome/47.0.2526.106 Safari/537.36"
::1 - - [Tue, 12 Jan 2016 16:26:06 GMT] "GET /46d62e62fccb17aedecd.hot-update.json HTTP/1.1" 200 36 "http://localhost:8000/login" "Mozilla/5.0 (Windows NT 10.0; WOW64) AppleWebKit/537.36 (KHTML, like Gecko) Chrome/47.0.2526.106 Safari/537.36"
::1 - - [Tue, 12 Jan 2016 16:26:06 GMT] "GET /0.46d62e62fccb17aedecd.hot-update.js HTTP/1.1" 200 - "http://localhost:8000/login" "Mozilla/5.0 (Windows NT 10.0; WOW64) AppleWebKit/537.36 (KHTML, like Gecko) Chrome/47.0.2526.106 Safari/537.36"
::1 - - [Tue, 12 Jan 2016 16:26:50 GMT] "GET /604d2db156ce936a90f5.hot-update.json HTTP/1.1" 200 36 "http://localhost:8000/login" "Mozilla/5.0 (Windows NT 10.0; WOW64) AppleWebKit/537.36 (KHTML, like Gecko) Chrome/47.0.2526.106 Safari/537.36"
::1 - - [Tue, 12 Jan 2016 16:26:50 GMT] "GET /0.604d2db156ce936a90f5.hot-update.js HTTP/1.1" 200 - "http://localhost:8000/login" "Mozilla/5.0 (Windows NT 10.0; WOW64) AppleWebKit/537.36 (KHTML, like Gecko) Chrome/47.0.2526.106 Safari/537.36"
::1 - - [Tue, 12 Jan 2016 16:27:04 GMT] "GET /5cb1671019ad2fd75ef5.hot-update.json HTTP/1.1" 200 36 "http://localhost:8000/login" "Mozilla/5.0 (Windows NT 10.0; WOW64) AppleWebKit/537.36 (KHTML, like Gecko) Chrome/47.0.2526.106 Safari/537.36"
::1 - - [Tue, 12 Jan 2016 16:27:04 GMT] "GET /0.5cb1671019ad2fd75ef5.hot-update.js HTTP/1.1" 200 - "http://localhost:8000/login" "Mozilla/5.0 (Windows NT 10.0; WOW64) AppleWebKit/537.36 (KHTML, like Gecko) Chrome/47.0.2526.106 Safari/537.36"
::1 - - [Tue, 12 Jan 2016 16:27:37 GMT] "GET /397ae13f033de3d0c877.hot-update.json HTTP/1.1" 200 36 "http://localhost:8000/login" "Mozilla/5.0 (Windows NT 10.0; WOW64) AppleWebKit/537.36 (KHTML, like Gecko) Chrome/47.0.2526.106 Safari/537.36"
::1 - - [Tue, 12 Jan 2016 16:27:37 GMT] "GET /0.397ae13f033de3d0c877.hot-update.js HTTP/1.1" 200 - "http://localhost:8000/login" "Mozilla/5.0 (Windows NT 10.0; WOW64) AppleWebKit/537.36 (KHTML, like Gecko) Chrome/47.0.2526.106 Safari/537.36"
::1 - - [Tue, 12 Jan 2016 16:27:52 GMT] "GET /login HTTP/1.1" 200 - "http://localhost:8000/login" "Mozilla/5.0 (Windows NT 10.0; WOW64) AppleWebKit/537.36 (KHTML, like Gecko) Chrome/47.0.2526.106 Safari/537.36"
::1 - - [Tue, 12 Jan 2016 16:27:52 GMT] "GET /__webpack_hmr HTTP/1.1" 200 - "http://localhost:8000/login" "Mozilla/5.0 (Windows NT 10.0; WOW64) AppleWebKit/537.36 (KHTML, like Gecko) Chrome/47.0.2526.106 Safari/537.36"
::1 - - [Tue, 12 Jan 2016 16:27:52 GMT] "GET /scripts/jquery.js HTTP/1.1" 304 - "http://localhost:8000/login" "Mozilla/5.0 (Windows NT 10.0; WOW64) AppleWebKit/537.36 (KHTML, like Gecko) Chrome/47.0.2526.106 Safari/537.36"
::1 - - [Tue, 12 Jan 2016 16:27:52 GMT] "GET /scripts/simditor-all.js HTTP/1.1" 304 - "http://localhost:8000/login" "Mozilla/5.0 (Windows NT 10.0; WOW64) AppleWebKit/537.36 (KHTML, like Gecko) Chrome/47.0.2526.106 Safari/537.36"
::1 - - [Tue, 12 Jan 2016 16:27:52 GMT] "GET /bundle.js HTTP/1.1" 200 - "http://localhost:8000/login" "Mozilla/5.0 (Windows NT 10.0; WOW64) AppleWebKit/537.36 (KHTML, like Gecko) Chrome/47.0.2526.106 Safari/537.36"
::1 - - [Tue, 12 Jan 2016 16:27:53 GMT] "GET /img/logo.c1968f51.png HTTP/1.1" 304 - "http://localhost:8000/login" "Mozilla/5.0 (Windows NT 10.0; WOW64) AppleWebKit/537.36 (KHTML, like Gecko) Chrome/47.0.2526.106 Safari/537.36"
::1 - - [Tue, 12 Jan 2016 16:27:53 GMT] "GET /static/revved/img/index/sprites.auto.ccb0e398.png HTTP/1.1" 404 - "http://localhost:8000/login" "Mozilla/5.0 (Windows NT 10.0; WOW64) AppleWebKit/537.36 (KHTML, like Gecko) Chrome/47.0.2526.106 Safari/537.36"
::1 - - [Tue, 12 Jan 2016 16:28:33 GMT] "GET /2dddad2a394ea71e90c8.hot-update.json HTTP/1.1" 200 36 "http://localhost:8000/login" "Mozilla/5.0 (Windows NT 10.0; WOW64) AppleWebKit/537.36 (KHTML, like Gecko) Chrome/47.0.2526.106 Safari/537.36"
::1 - - [Tue, 12 Jan 2016 16:28:33 GMT] "GET /0.2dddad2a394ea71e90c8.hot-update.js HTTP/1.1" 200 - "http://localhost:8000/login" "Mozilla/5.0 (Windows NT 10.0; WOW64) AppleWebKit/537.36 (KHTML, like Gecko) Chrome/47.0.2526.106 Safari/537.36"
::1 - - [Tue, 12 Jan 2016 16:28:36 GMT] "GET /ee7a28f893a0f2322ae3.hot-update.json HTTP/1.1" 200 36 "http://localhost:8000/login" "Mozilla/5.0 (Windows NT 10.0; WOW64) AppleWebKit/537.36 (KHTML, like Gecko) Chrome/47.0.2526.106 Safari/537.36"
::1 - - [Tue, 12 Jan 2016 16:28:36 GMT] "GET /0.ee7a28f893a0f2322ae3.hot-update.js HTTP/1.1" 200 - "http://localhost:8000/login" "Mozilla/5.0 (Windows NT 10.0; WOW64) AppleWebKit/537.36 (KHTML, like Gecko) Chrome/47.0.2526.106 Safari/537.36"
::1 - - [Tue, 12 Jan 2016 16:28:42 GMT] "GET /login HTTP/1.1" 200 - "http://localhost:8000/login" "Mozilla/5.0 (Windows NT 10.0; WOW64) AppleWebKit/537.36 (KHTML, like Gecko) Chrome/47.0.2526.106 Safari/537.36"
::1 - - [Tue, 12 Jan 2016 16:28:42 GMT] "GET /__webpack_hmr HTTP/1.1" 200 - "http://localhost:8000/login" "Mozilla/5.0 (Windows NT 10.0; WOW64) AppleWebKit/537.36 (KHTML, like Gecko) Chrome/47.0.2526.106 Safari/537.36"
::1 - - [Tue, 12 Jan 2016 16:28:43 GMT] "GET /scripts/jquery.js HTTP/1.1" 200 - "http://localhost:8000/login" "Mozilla/5.0 (Windows NT 10.0; WOW64) AppleWebKit/537.36 (KHTML, like Gecko) Chrome/47.0.2526.106 Safari/537.36"
::1 - - [Tue, 12 Jan 2016 16:28:43 GMT] "GET /scripts/simditor-all.js HTTP/1.1" 200 - "http://localhost:8000/login" "Mozilla/5.0 (Windows NT 10.0; WOW64) AppleWebKit/537.36 (KHTML, like Gecko) Chrome/47.0.2526.106 Safari/537.36"
::1 - - [Tue, 12 Jan 2016 16:28:43 GMT] "GET /bundle.js HTTP/1.1" 200 - "http://localhost:8000/login" "Mozilla/5.0 (Windows NT 10.0; WOW64) AppleWebKit/537.36 (KHTML, like Gecko) Chrome/47.0.2526.106 Safari/537.36"
::1 - - [Tue, 12 Jan 2016 16:28:44 GMT] "GET /img/logo.c1968f51.png HTTP/1.1" 200 2372 "http://localhost:8000/login" "Mozilla/5.0 (Windows NT 10.0; WOW64) AppleWebKit/537.36 (KHTML, like Gecko) Chrome/47.0.2526.106 Safari/537.36"
::1 - - [Tue, 12 Jan 2016 16:28:44 GMT] "GET /static/revved/img/index/sprites.auto.ccb0e398.png HTTP/1.1" 404 - "http://localhost:8000/login" "Mozilla/5.0 (Windows NT 10.0; WOW64) AppleWebKit/537.36 (KHTML, like Gecko) Chrome/47.0.2526.106 Safari/537.36"
::1 - - [Tue, 12 Jan 2016 16:28:54 GMT] "GET /login HTTP/1.1" 200 - "http://localhost:8000/login" "Mozilla/5.0 (Windows NT 10.0; WOW64) AppleWebKit/537.36 (KHTML, like Gecko) Chrome/47.0.2526.106 Safari/537.36"
::1 - - [Tue, 12 Jan 2016 16:28:54 GMT] "GET /9ebfeec7343b43631b96.hot-update.json HTTP/1.1" - - "http://localhost:8000/login" "Mozilla/5.0 (Windows NT 10.0; WOW64) AppleWebKit/537.36 (KHTML, like Gecko) Chrome/47.0.2526.106 Safari/537.36"
::1 - - [Tue, 12 Jan 2016 16:28:54 GMT] "GET /__webpack_hmr HTTP/1.1" 200 - "http://localhost:8000/login" "Mozilla/5.0 (Windows NT 10.0; WOW64) AppleWebKit/537.36 (KHTML, like Gecko) Chrome/47.0.2526.106 Safari/537.36"
::1 - - [Tue, 12 Jan 2016 16:28:56 GMT] "GET /scripts/jquery.js HTTP/1.1" 200 - "http://localhost:8000/login" "Mozilla/5.0 (Windows NT 10.0; WOW64) AppleWebKit/537.36 (KHTML, like Gecko) Chrome/47.0.2526.106 Safari/537.36"
::1 - - [Tue, 12 Jan 2016 16:28:56 GMT] "GET /scripts/simditor-all.js HTTP/1.1" 200 - "http://localhost:8000/login" "Mozilla/5.0 (Windows NT 10.0; WOW64) AppleWebKit/537.36 (KHTML, like Gecko) Chrome/47.0.2526.106 Safari/537.36"
::1 - - [Tue, 12 Jan 2016 16:28:57 GMT] "GET /bundle.js HTTP/1.1" 200 - "http://localhost:8000/login" "Mozilla/5.0 (Windows NT 10.0; WOW64) AppleWebKit/537.36 (KHTML, like Gecko) Chrome/47.0.2526.106 Safari/537.36"
::1 - - [Tue, 12 Jan 2016 16:28:57 GMT] "GET /img/logo.c1968f51.png HTTP/1.1" 200 2372 "http://localhost:8000/login" "Mozilla/5.0 (Windows NT 10.0; WOW64) AppleWebKit/537.36 (KHTML, like Gecko) Chrome/47.0.2526.106 Safari/537.36"
::1 - - [Tue, 12 Jan 2016 16:28:57 GMT] "GET /static/revved/img/index/sprites.auto.ccb0e398.png HTTP/1.1" 404 - "http://localhost:8000/login" "Mozilla/5.0 (Windows NT 10.0; WOW64) AppleWebKit/537.36 (KHTML, like Gecko) Chrome/47.0.2526.106 Safari/537.36"
::1 - - [Tue, 12 Jan 2016 16:29:18 GMT] "GET /296fcdb84fa4fd261cb4.hot-update.json HTTP/1.1" 200 36 "http://localhost:8000/login" "Mozilla/5.0 (Windows NT 10.0; WOW64) AppleWebKit/537.36 (KHTML, like Gecko) Chrome/47.0.2526.106 Safari/537.36"
::1 - - [Tue, 12 Jan 2016 16:29:18 GMT] "GET /login HTTP/1.1" 200 - "http://localhost:8000/login" "Mozilla/5.0 (Windows NT 10.0; WOW64) AppleWebKit/537.36 (KHTML, like Gecko) Chrome/47.0.2526.106 Safari/537.36"
::1 - - [Tue, 12 Jan 2016 16:29:18 GMT] "GET /0.296fcdb84fa4fd261cb4.hot-update.js HTTP/1.1" - - "http://localhost:8000/login" "Mozilla/5.0 (Windows NT 10.0; WOW64) AppleWebKit/537.36 (KHTML, like Gecko) Chrome/47.0.2526.106 Safari/537.36"
::1 - - [Tue, 12 Jan 2016 16:29:18 GMT] "GET /__webpack_hmr HTTP/1.1" 200 - "http://localhost:8000/login" "Mozilla/5.0 (Windows NT 10.0; WOW64) AppleWebKit/537.36 (KHTML, like Gecko) Chrome/47.0.2526.106 Safari/537.36"
::1 - - [Tue, 12 Jan 2016 16:29:19 GMT] "GET /scripts/jquery.js HTTP/1.1" 200 - "http://localhost:8000/login" "Mozilla/5.0 (Windows NT 10.0; WOW64) AppleWebKit/537.36 (KHTML, like Gecko) Chrome/47.0.2526.106 Safari/537.36"
::1 - - [Tue, 12 Jan 2016 16:29:19 GMT] "GET /scripts/simditor-all.js HTTP/1.1" 200 - "http://localhost:8000/login" "Mozilla/5.0 (Windows NT 10.0; WOW64) AppleWebKit/537.36 (KHTML, like Gecko) Chrome/47.0.2526.106 Safari/537.36"
::1 - - [Tue, 12 Jan 2016 16:29:19 GMT] "GET /bundle.js HTTP/1.1" 200 - "http://localhost:8000/login" "Mozilla/5.0 (Windows NT 10.0; WOW64) AppleWebKit/537.36 (KHTML, like Gecko) Chrome/47.0.2526.106 Safari/537.36"
::1 - - [Tue, 12 Jan 2016 16:29:20 GMT] "GET /img/logo.c1968f51.png HTTP/1.1" 200 2372 "http://localhost:8000/login" "Mozilla/5.0 (Windows NT 10.0; WOW64) AppleWebKit/537.36 (KHTML, like Gecko) Chrome/47.0.2526.106 Safari/537.36"
::1 - - [Tue, 12 Jan 2016 16:29:20 GMT] "GET /static/revved/img/index/sprites.auto.ccb0e398.png HTTP/1.1" 404 - "http://localhost:8000/login" "Mozilla/5.0 (Windows NT 10.0; WOW64) AppleWebKit/537.36 (KHTML, like Gecko) Chrome/47.0.2526.106 Safari/537.36"
::1 - - [Tue, 12 Jan 2016 16:30:58 GMT] "GET /c1901f54d4fefe71f139.hot-update.json HTTP/1.1" 200 36 "http://localhost:8000/login" "Mozilla/5.0 (Windows NT 10.0; WOW64) AppleWebKit/537.36 (KHTML, like Gecko) Chrome/47.0.2526.106 Safari/537.36"
::1 - - [Tue, 12 Jan 2016 16:30:58 GMT] "GET /0.c1901f54d4fefe71f139.hot-update.js HTTP/1.1" 200 - "http://localhost:8000/login" "Mozilla/5.0 (Windows NT 10.0; WOW64) AppleWebKit/537.36 (KHTML, like Gecko) Chrome/47.0.2526.106 Safari/537.36"
::1 - - [Tue, 12 Jan 2016 16:31:10 GMT] "GET /89a81821ad216acd89db.hot-update.json HTTP/1.1" 200 36 "http://localhost:8000/login" "Mozilla/5.0 (Windows NT 10.0; WOW64) AppleWebKit/537.36 (KHTML, like Gecko) Chrome/47.0.2526.106 Safari/537.36"
::1 - - [Tue, 12 Jan 2016 16:31:13 GMT] "GET /login HTTP/1.1" 200 - "http://localhost:8000/login" "Mozilla/5.0 (Windows NT 10.0; WOW64) AppleWebKit/537.36 (KHTML, like Gecko) Chrome/47.0.2526.106 Safari/537.36"
::1 - - [Tue, 12 Jan 2016 16:31:13 GMT] "GET /0.89a81821ad216acd89db.hot-update.js HTTP/1.1" 200 - "http://localhost:8000/login" "Mozilla/5.0 (Windows NT 10.0; WOW64) AppleWebKit/537.36 (KHTML, like Gecko) Chrome/47.0.2526.106 Safari/537.36"
::1 - - [Tue, 12 Jan 2016 16:31:13 GMT] "GET /__webpack_hmr HTTP/1.1" 200 - "http://localhost:8000/login" "Mozilla/5.0 (Windows NT 10.0; WOW64) AppleWebKit/537.36 (KHTML, like Gecko) Chrome/47.0.2526.106 Safari/537.36"
::1 - - [Tue, 12 Jan 2016 16:31:13 GMT] "GET /scripts/jquery.js HTTP/1.1" 200 - "http://localhost:8000/login" "Mozilla/5.0 (Windows NT 10.0; WOW64) AppleWebKit/537.36 (KHTML, like Gecko) Chrome/47.0.2526.106 Safari/537.36"
::1 - - [Tue, 12 Jan 2016 16:31:13 GMT] "GET /scripts/simditor-all.js HTTP/1.1" 200 - "http://localhost:8000/login" "Mozilla/5.0 (Windows NT 10.0; WOW64) AppleWebKit/537.36 (KHTML, like Gecko) Chrome/47.0.2526.106 Safari/537.36"
::1 - - [Tue, 12 Jan 2016 16:31:13 GMT] "GET /bundle.js HTTP/1.1" 200 - "http://localhost:8000/login" "Mozilla/5.0 (Windows NT 10.0; WOW64) AppleWebKit/537.36 (KHTML, like Gecko) Chrome/47.0.2526.106 Safari/537.36"
::1 - - [Tue, 12 Jan 2016 16:31:14 GMT] "GET /img/logo.c1968f51.png HTTP/1.1" 200 2372 "http://localhost:8000/login" "Mozilla/5.0 (Windows NT 10.0; WOW64) AppleWebKit/537.36 (KHTML, like Gecko) Chrome/47.0.2526.106 Safari/537.36"
::1 - - [Tue, 12 Jan 2016 16:31:14 GMT] "GET /static/revved/img/index/sprites.auto.ccb0e398.png HTTP/1.1" 404 - "http://localhost:8000/login" "Mozilla/5.0 (Windows NT 10.0; WOW64) AppleWebKit/537.36 (KHTML, like Gecko) Chrome/47.0.2526.106 Safari/537.36"
::1 - - [Tue, 12 Jan 2016 16:31:35 GMT] "GET /3690121fbff9ce6b6c17.hot-update.json HTTP/1.1" 200 36 "http://localhost:8000/login" "Mozilla/5.0 (Windows NT 10.0; WOW64) AppleWebKit/537.36 (KHTML, like Gecko) Chrome/47.0.2526.106 Safari/537.36"
::1 - - [Tue, 12 Jan 2016 16:31:35 GMT] "GET /0.3690121fbff9ce6b6c17.hot-update.js HTTP/1.1" 200 - "http://localhost:8000/login" "Mozilla/5.0 (Windows NT 10.0; WOW64) AppleWebKit/537.36 (KHTML, like Gecko) Chrome/47.0.2526.106 Safari/537.36"
::1 - - [Tue, 12 Jan 2016 16:31:44 GMT] "GET /19d64b3d1f9c8ff4a7c8.hot-update.json HTTP/1.1" 200 36 "http://localhost:8000/login" "Mozilla/5.0 (Windows NT 10.0; WOW64) AppleWebKit/537.36 (KHTML, like Gecko) Chrome/47.0.2526.106 Safari/537.36"
::1 - - [Tue, 12 Jan 2016 16:31:44 GMT] "GET /0.19d64b3d1f9c8ff4a7c8.hot-update.js HTTP/1.1" 200 - "http://localhost:8000/login" "Mozilla/5.0 (Windows NT 10.0; WOW64) AppleWebKit/537.36 (KHTML, like Gecko) Chrome/47.0.2526.106 Safari/537.36"
::1 - - [Tue, 12 Jan 2016 16:32:37 GMT] "GET /login HTTP/1.1" 200 - "http://localhost:8000/login" "Mozilla/5.0 (Windows NT 10.0; WOW64) AppleWebKit/537.36 (KHTML, like Gecko) Chrome/47.0.2526.106 Safari/537.36"
::1 - - [Tue, 12 Jan 2016 16:32:37 GMT] "GET /__webpack_hmr HTTP/1.1" 200 - "http://localhost:8000/login" "Mozilla/5.0 (Windows NT 10.0; WOW64) AppleWebKit/537.36 (KHTML, like Gecko) Chrome/47.0.2526.106 Safari/537.36"
::1 - - [Tue, 12 Jan 2016 16:32:42 GMT] "GET /scripts/jquery.js HTTP/1.1" 200 - "http://localhost:8000/login" "Mozilla/5.0 (Windows NT 10.0; WOW64) AppleWebKit/537.36 (KHTML, like Gecko) Chrome/47.0.2526.106 Safari/537.36"
::1 - - [Tue, 12 Jan 2016 16:32:42 GMT] "GET /scripts/simditor-all.js HTTP/1.1" 200 - "http://localhost:8000/login" "Mozilla/5.0 (Windows NT 10.0; WOW64) AppleWebKit/537.36 (KHTML, like Gecko) Chrome/47.0.2526.106 Safari/537.36"
::1 - - [Tue, 12 Jan 2016 16:32:42 GMT] "GET /bundle.js HTTP/1.1" 200 - "http://localhost:8000/login" "Mozilla/5.0 (Windows NT 10.0; WOW64) AppleWebKit/537.36 (KHTML, like Gecko) Chrome/47.0.2526.106 Safari/537.36"
::1 - - [Tue, 12 Jan 2016 16:32:43 GMT] "GET /img/logo.c1968f51.png HTTP/1.1" 200 2372 "http://localhost:8000/login" "Mozilla/5.0 (Windows NT 10.0; WOW64) AppleWebKit/537.36 (KHTML, like Gecko) Chrome/47.0.2526.106 Safari/537.36"
::1 - - [Tue, 12 Jan 2016 16:32:43 GMT] "GET /static/revved/img/index/sprites.auto.ccb0e398.png HTTP/1.1" 404 - "http://localhost:8000/login" "Mozilla/5.0 (Windows NT 10.0; WOW64) AppleWebKit/537.36 (KHTML, like Gecko) Chrome/47.0.2526.106 Safari/537.36"
::1 - - [Tue, 12 Jan 2016 16:33:43 GMT] "GET /dcca708d0c9861330463.hot-update.json HTTP/1.1" 200 36 "http://localhost:8000/login" "Mozilla/5.0 (Windows NT 10.0; WOW64) AppleWebKit/537.36 (KHTML, like Gecko) Chrome/47.0.2526.106 Safari/537.36"
::1 - - [Tue, 12 Jan 2016 16:33:43 GMT] "GET /0.dcca708d0c9861330463.hot-update.js HTTP/1.1" 200 - "http://localhost:8000/login" "Mozilla/5.0 (Windows NT 10.0; WOW64) AppleWebKit/537.36 (KHTML, like Gecko) Chrome/47.0.2526.106 Safari/537.36"
::1 - - [Tue, 12 Jan 2016 16:33:46 GMT] "GET /login HTTP/1.1" 200 - "http://localhost:8000/login" "Mozilla/5.0 (Windows NT 10.0; WOW64) AppleWebKit/537.36 (KHTML, like Gecko) Chrome/47.0.2526.106 Safari/537.36"
::1 - - [Tue, 12 Jan 2016 16:33:46 GMT] "GET /__webpack_hmr HTTP/1.1" 200 - "http://localhost:8000/login" "Mozilla/5.0 (Windows NT 10.0; WOW64) AppleWebKit/537.36 (KHTML, like Gecko) Chrome/47.0.2526.106 Safari/537.36"
::1 - - [Tue, 12 Jan 2016 16:33:46 GMT] "GET /scripts/jquery.js HTTP/1.1" 200 - "http://localhost:8000/login" "Mozilla/5.0 (Windows NT 10.0; WOW64) AppleWebKit/537.36 (KHTML, like Gecko) Chrome/47.0.2526.106 Safari/537.36"
::1 - - [Tue, 12 Jan 2016 16:33:46 GMT] "GET /scripts/simditor-all.js HTTP/1.1" 200 - "http://localhost:8000/login" "Mozilla/5.0 (Windows NT 10.0; WOW64) AppleWebKit/537.36 (KHTML, like Gecko) Chrome/47.0.2526.106 Safari/537.36"
::1 - - [Tue, 12 Jan 2016 16:33:46 GMT] "GET /bundle.js HTTP/1.1" 200 - "http://localhost:8000/login" "Mozilla/5.0 (Windows NT 10.0; WOW64) AppleWebKit/537.36 (KHTML, like Gecko) Chrome/47.0.2526.106 Safari/537.36"
::1 - - [Tue, 12 Jan 2016 16:33:47 GMT] "GET /img/logo.c1968f51.png HTTP/1.1" 200 2372 "http://localhost:8000/login" "Mozilla/5.0 (Windows NT 10.0; WOW64) AppleWebKit/537.36 (KHTML, like Gecko) Chrome/47.0.2526.106 Safari/537.36"
::1 - - [Tue, 12 Jan 2016 16:33:47 GMT] "GET /static/revved/img/index/sprites.auto.ccb0e398.png HTTP/1.1" 404 - "http://localhost:8000/login" "Mozilla/5.0 (Windows NT 10.0; WOW64) AppleWebKit/537.36 (KHTML, like Gecko) Chrome/47.0.2526.106 Safari/537.36"
::1 - - [Tue, 12 Jan 2016 16:34:26 GMT] "GET /login HTTP/1.1" 200 - "http://localhost:8000/login" "Mozilla/5.0 (Windows NT 10.0; WOW64) AppleWebKit/537.36 (KHTML, like Gecko) Chrome/47.0.2526.106 Safari/537.36"
::1 - - [Tue, 12 Jan 2016 16:34:26 GMT] "GET /__webpack_hmr HTTP/1.1" 200 - "http://localhost:8000/login" "Mozilla/5.0 (Windows NT 10.0; WOW64) AppleWebKit/537.36 (KHTML, like Gecko) Chrome/47.0.2526.106 Safari/537.36"
::1 - - [Tue, 12 Jan 2016 16:34:26 GMT] "GET /0c5a3ce0118137ca0425.hot-update.json HTTP/1.1" - - "http://localhost:8000/login" "Mozilla/5.0 (Windows NT 10.0; WOW64) AppleWebKit/537.36 (KHTML, like Gecko) Chrome/47.0.2526.106 Safari/537.36"
::1 - - [Tue, 12 Jan 2016 16:34:28 GMT] "GET /scripts/jquery.js HTTP/1.1" 200 - "http://localhost:8000/login" "Mozilla/5.0 (Windows NT 10.0; WOW64) AppleWebKit/537.36 (KHTML, like Gecko) Chrome/47.0.2526.106 Safari/537.36"
::1 - - [Tue, 12 Jan 2016 16:34:28 GMT] "GET /scripts/simditor-all.js HTTP/1.1" 200 - "http://localhost:8000/login" "Mozilla/5.0 (Windows NT 10.0; WOW64) AppleWebKit/537.36 (KHTML, like Gecko) Chrome/47.0.2526.106 Safari/537.36"
::1 - - [Tue, 12 Jan 2016 16:34:29 GMT] "GET /bundle.js HTTP/1.1" 200 - "http://localhost:8000/login" "Mozilla/5.0 (Windows NT 10.0; WOW64) AppleWebKit/537.36 (KHTML, like Gecko) Chrome/47.0.2526.106 Safari/537.36"
::1 - - [Tue, 12 Jan 2016 16:34:29 GMT] "GET /img/logo.c1968f51.png HTTP/1.1" 200 2372 "http://localhost:8000/login" "Mozilla/5.0 (Windows NT 10.0; WOW64) AppleWebKit/537.36 (KHTML, like Gecko) Chrome/47.0.2526.106 Safari/537.36"
::1 - - [Tue, 12 Jan 2016 16:34:29 GMT] "GET /static/revved/img/index/sprites.auto.ccb0e398.png HTTP/1.1" 404 - "http://localhost:8000/login" "Mozilla/5.0 (Windows NT 10.0; WOW64) AppleWebKit/537.36 (KHTML, like Gecko) Chrome/47.0.2526.106 Safari/537.36"
::1 - - [Tue, 12 Jan 2016 16:34:48 GMT] "GET /c5417b133be2323caa9e.hot-update.json HTTP/1.1" 200 36 "http://localhost:8000/login" "Mozilla/5.0 (Windows NT 10.0; WOW64) AppleWebKit/537.36 (KHTML, like Gecko) Chrome/47.0.2526.106 Safari/537.36"
::1 - - [Tue, 12 Jan 2016 16:34:48 GMT] "GET /login HTTP/1.1" 200 - "http://localhost:8000/login" "Mozilla/5.0 (Windows NT 10.0; WOW64) AppleWebKit/537.36 (KHTML, like Gecko) Chrome/47.0.2526.106 Safari/537.36"
::1 - - [Tue, 12 Jan 2016 16:34:48 GMT] "GET /__webpack_hmr HTTP/1.1" 200 - "http://localhost:8000/login" "Mozilla/5.0 (Windows NT 10.0; WOW64) AppleWebKit/537.36 (KHTML, like Gecko) Chrome/47.0.2526.106 Safari/537.36"
::1 - - [Tue, 12 Jan 2016 16:34:48 GMT] "GET /0.c5417b133be2323caa9e.hot-update.js HTTP/1.1" - - "http://localhost:8000/login" "Mozilla/5.0 (Windows NT 10.0; WOW64) AppleWebKit/537.36 (KHTML, like Gecko) Chrome/47.0.2526.106 Safari/537.36"
::1 - - [Tue, 12 Jan 2016 16:34:48 GMT] "GET /scripts/jquery.js HTTP/1.1" 304 - "http://localhost:8000/login" "Mozilla/5.0 (Windows NT 10.0; WOW64) AppleWebKit/537.36 (KHTML, like Gecko) Chrome/47.0.2526.106 Safari/537.36"
::1 - - [Tue, 12 Jan 2016 16:34:48 GMT] "GET /scripts/simditor-all.js HTTP/1.1" 304 - "http://localhost:8000/login" "Mozilla/5.0 (Windows NT 10.0; WOW64) AppleWebKit/537.36 (KHTML, like Gecko) Chrome/47.0.2526.106 Safari/537.36"
::1 - - [Tue, 12 Jan 2016 16:34:48 GMT] "GET /bundle.js HTTP/1.1" 200 - "http://localhost:8000/login" "Mozilla/5.0 (Windows NT 10.0; WOW64) AppleWebKit/537.36 (KHTML, like Gecko) Chrome/47.0.2526.106 Safari/537.36"
::1 - - [Tue, 12 Jan 2016 16:34:49 GMT] "GET /img/logo.c1968f51.png HTTP/1.1" 304 - "http://localhost:8000/login" "Mozilla/5.0 (Windows NT 10.0; WOW64) AppleWebKit/537.36 (KHTML, like Gecko) Chrome/47.0.2526.106 Safari/537.36"
::1 - - [Tue, 12 Jan 2016 16:34:49 GMT] "GET /static/revved/img/index/sprites.auto.ccb0e398.png HTTP/1.1" 404 - "http://localhost:8000/login" "Mozilla/5.0 (Windows NT 10.0; WOW64) AppleWebKit/537.36 (KHTML, like Gecko) Chrome/47.0.2526.106 Safari/537.36"
::1 - - [Tue, 12 Jan 2016 16:35:45 GMT] "GET /login HTTP/1.1" 200 - "http://localhost:8000/login" "Mozilla/5.0 (Windows NT 10.0; WOW64) AppleWebKit/537.36 (KHTML, like Gecko) Chrome/47.0.2526.106 Safari/537.36"
::1 - - [Tue, 12 Jan 2016 16:35:45 GMT] "GET /__webpack_hmr HTTP/1.1" 200 - "http://localhost:8000/login" "Mozilla/5.0 (Windows NT 10.0; WOW64) AppleWebKit/537.36 (KHTML, like Gecko) Chrome/47.0.2526.106 Safari/537.36"
::1 - - [Tue, 12 Jan 2016 16:35:45 GMT] "GET /2b73f8d69ab676773dd4.hot-update.json HTTP/1.1" - - "http://localhost:8000/login" "Mozilla/5.0 (Windows NT 10.0; WOW64) AppleWebKit/537.36 (KHTML, like Gecko) Chrome/47.0.2526.106 Safari/537.36"
::1 - - [Tue, 12 Jan 2016 16:35:47 GMT] "GET /scripts/jquery.js HTTP/1.1" 304 - "http://localhost:8000/login" "Mozilla/5.0 (Windows NT 10.0; WOW64) AppleWebKit/537.36 (KHTML, like Gecko) Chrome/47.0.2526.106 Safari/537.36"
::1 - - [Tue, 12 Jan 2016 16:35:47 GMT] "GET /scripts/simditor-all.js HTTP/1.1" 304 - "http://localhost:8000/login" "Mozilla/5.0 (Windows NT 10.0; WOW64) AppleWebKit/537.36 (KHTML, like Gecko) Chrome/47.0.2526.106 Safari/537.36"
::1 - - [Tue, 12 Jan 2016 16:35:47 GMT] "GET /bundle.js HTTP/1.1" 200 - "http://localhost:8000/login" "Mozilla/5.0 (Windows NT 10.0; WOW64) AppleWebKit/537.36 (KHTML, like Gecko) Chrome/47.0.2526.106 Safari/537.36"
::1 - - [Tue, 12 Jan 2016 16:35:48 GMT] "GET /img/logo.c1968f51.png HTTP/1.1" 304 - "http://localhost:8000/login" "Mozilla/5.0 (Windows NT 10.0; WOW64) AppleWebKit/537.36 (KHTML, like Gecko) Chrome/47.0.2526.106 Safari/537.36"
::1 - - [Tue, 12 Jan 2016 16:35:48 GMT] "GET /static/revved/img/index/sprites.auto.ccb0e398.png HTTP/1.1" 404 - "http://localhost:8000/login" "Mozilla/5.0 (Windows NT 10.0; WOW64) AppleWebKit/537.36 (KHTML, like Gecko) Chrome/47.0.2526.106 Safari/537.36"
::1 - - [Tue, 12 Jan 2016 16:51:16 GMT] "GET /__webpack_hmr HTTP/1.1" 200 - "http://localhost:8000/login" "Mozilla/5.0 (Windows NT 10.0; WOW64) AppleWebKit/537.36 (KHTML, like Gecko) Chrome/47.0.2526.106 Safari/537.36"
