0 info it worked if it ends with ok
1 verbose cli [ 'e:\\software\\nodejs\\node.exe',
1 verbose cli   'e:\\software\\nodejs\\node_modules\\npm\\bin\\npm-cli.js',
1 verbose cli   'run',
1 verbose cli   'dev' ]
2 info using npm@3.3.12
3 info using node@v5.1.0
4 verbose run-script [ 'predev', 'dev', 'postdev' ]
5 info lifecycle webcy@0.0.1~predev: webcy@0.0.1
6 silly lifecycle webcy@0.0.1~predev: no script for predev, continuing
7 info lifecycle webcy@0.0.1~dev: webcy@0.0.1
8 verbose lifecycle webcy@0.0.1~dev: unsafe-perm in lifecycle true
9 verbose lifecycle webcy@0.0.1~dev: PATH: e:\software\nodejs\node_modules\npm\bin\node-gyp-bin;F:\yowork\isomorphic-redux-app\node_modules\.bin;c:\Users\lgp\bin;.;E:\software\Git\local\bin;E:\software\Git\mingw\bin;E:\software\Git\bin;c:\ProgramData\Oracle\Java\javapath;c:\Program Files (x86)\Common Files\NetSarang;e:\software\Ruby22\bin;c:\WINDOWS\system32;c:\WINDOWS;c:\WINDOWS\System32\Wbem;c:\WINDOWS\System32\WindowsPowerShell\v1.0\;E:\software\Git\cmd; %JAVA_HOME%\bin;%JAVA_HOME%\jre\bin;c:\Program Files\Intel\WiFi\bin\;c:\Program Files\Common Files\Intel\WirelessCommon\;e:\software\svn\bin;c:\Program Files\Microsoft\Web Platform Installer\;c:\Program Files (x86)\Microsoft ASP.NET\ASP.NET Web Pages\v1.0\;c:\Program Files\Microsoft SQL Server\110\Tools\Binn\;e:\software\py;e:\software\nodejs\;e:\software\jdk\bin;e:\software\android-sdk\platform-tools;c:\Program Files (x86)\Microsoft SQL Server\100\Tools\Binn\;c:\Program Files\Microsoft SQL Server\100\Tools\Binn\;c:\Program Files\Microsoft SQL Server\100\DTS\Binn\;c:\Program Files (x86)\Microsoft SQL Server\100\Tools\Binn\VSShell\Common7\IDE\;c:\Program Files (x86)\Microsoft SQL Server\100\DTS\Binn\;c:\Program Files (x86)\Microsoft Visual Studio 9.0\Common7\IDE\PrivateAssemblies\;c:\WINDOWS\system32\config\systemprofile\.dnx\bin;c:\Program Files\Microsoft DNX\Dnvm\;c:\Program Files\Microsoft SQL Server\120\Tools\Binn\;c:\Program Files (x86)\Windows Kits\10\Windows Performance Toolkit\;c:\Program Files (x86)\MySQL\MySQL Fabric 1.5 & MySQL Utilities 1.5\;c:\Program Files (x86)\MySQL\MySQL Fabric 1.5 & MySQL Utilities 1.5\Doctrine extensions for PHP\;e:\software\tortoiseGit\bin;e:\software\Ruby193\bin;c:\Program Files\Intel\WiFi\bin\;c:\Program Files\Common Files\Intel\WirelessCommon\;c:\Users\lgp\AppData\Roaming\npm;e:\software\cmder\bin;e:\software\phantomjs-1.9.8-windows\phantomjs.exe
10 verbose lifecycle webcy@0.0.1~dev: CWD: F:\yowork\isomorphic-redux-app
11 silly lifecycle webcy@0.0.1~dev: Args: [ '/d /s /c',
11 silly lifecycle   'set NODE_ENV=development&&node ./src/server/index.js' ]
12 silly lifecycle webcy@0.0.1~dev: Returned: code: 1  signal: null
13 info lifecycle webcy@0.0.1~dev: Failed to exec dev script
14 verbose stack Error: webcy@0.0.1 dev: `set NODE_ENV=development&&node ./src/server/index.js`
14 verbose stack Exit status 1
14 verbose stack     at EventEmitter.<anonymous> (e:\software\nodejs\node_modules\npm\lib\utils\lifecycle.js:232:16)
14 verbose stack     at emitTwo (events.js:87:13)
14 verbose stack     at EventEmitter.emit (events.js:172:7)
14 verbose stack     at ChildProcess.<anonymous> (e:\software\nodejs\node_modules\npm\lib\utils\spawn.js:24:14)
14 verbose stack     at emitTwo (events.js:87:13)
14 verbose stack     at ChildProcess.emit (events.js:172:7)
14 verbose stack     at maybeClose (internal/child_process.js:818:16)
14 verbose stack     at Process.ChildProcess._handle.onexit (internal/child_process.js:211:5)
15 verbose pkgid webcy@0.0.1
16 verbose cwd F:\yowork\isomorphic-redux-app
17 error Windows_NT 10.0.10586
18 error argv "e:\\software\\nodejs\\node.exe" "e:\\software\\nodejs\\node_modules\\npm\\bin\\npm-cli.js" "run" "dev"
19 error node v5.1.0
20 error npm  v3.3.12
21 error code ELIFECYCLE
22 error webcy@0.0.1 dev: `set NODE_ENV=development&&node ./src/server/index.js`
22 error Exit status 1
23 error Failed at the webcy@0.0.1 dev script 'set NODE_ENV=development&&node ./src/server/index.js'.
23 error Make sure you have the latest version of node.js and npm installed.
23 error If you do, this is most likely a problem with the webcy package,
23 error not with npm itself.
23 error Tell the author that this fails on your system:
23 error     set NODE_ENV=development&&node ./src/server/index.js
23 error You can get their info via:
23 error     npm owner ls webcy
23 error There is likely additional logging output above.
24 verbose exit [ 1, true ]
